#
# There is insufficient memory for the Java Runtime Environment to continue.
# Native memory allocation (mmap) failed to map 266338304 bytes for Failed to commit area from 0x0000000702000000 to 0x0000000711e00000 of length 266338304.
# Possible reasons:
#   The system is out of physical RAM or swap space
#   The process is running with CompressedOops enabled, and the Java Heap may be blocking the growth of the native heap
# Possible solutions:
#   Reduce memory load on the system
#   Increase physical memory or swap space
#   Check if swap backing store is full
#   Decrease Java heap size (-Xmx/-Xms)
#   Decrease number of Java threads
#   Decrease Java thread stack sizes (-Xss)
#   Set larger code cache with -XX:ReservedCodeCacheSize=
# This output file may be truncated or incomplete.
#
#  Out of Memory Error (os_windows.cpp:3386), pid=4548, tid=15592
#
# JRE version:  (11.0.20+8) (build )
# Java VM: OpenJDK 64-Bit Server VM (11.0.20+8-LTS, mixed mode, sharing, tiered, compressed oops, g1 gc, windows-amd64)
# No core dump will be written. Minidumps are not enabled by default on client versions of Windows
#

---------------  S U M M A R Y ------------

Command Line: -Dfile.encoding=utf8 c:\Users\LENOVO\.vscode\extensions\vscjava.vscode-gradle-3.13.0\lib\gradle-language-server.jar

Host: Intel(R) Core(TM) i5-10300H CPU @ 2.50GHz, 8 cores, 15G,  Windows 10 , 64 bit Build 19041 (10.0.19041.3570)
Time: Tue Oct 24 00:10:05 2023 SE Asia Standard Time elapsed time: 0.085660 seconds (0d 0h 0m 0s)

---------------  T H R E A D  ---------------

Current thread (0x0000016742ca7800):  JavaThread "Unknown thread" [_thread_in_vm, id=15592, stack(0x0000002c2ac00000,0x0000002c2ad00000)]

Stack: [0x0000002c2ac00000,0x0000002c2ad00000]
Native frames: (J=compiled Java code, j=interpreted, Vv=VM code, C=native code)
V  [jvm.dll+0x62e9da]
V  [jvm.dll+0x7bc4e9]
V  [jvm.dll+0x7bdbd8]
V  [jvm.dll+0x7be2b3]
V  [jvm.dll+0x2505a8]
V  [jvm.dll+0x62bcea]
V  [jvm.dll+0x6202a5]
V  [jvm.dll+0x30decc]
V  [jvm.dll+0x30dd52]
V  [jvm.dll+0x312a66]
V  [jvm.dll+0x358b0f]
V  [jvm.dll+0x358540]
V  [jvm.dll+0x2eae38]
V  [jvm.dll+0x2ebf96]
V  [jvm.dll+0x7962f7]
V  [jvm.dll+0x797a7f]
V  [jvm.dll+0x365879]
V  [jvm.dll+0x779130]
V  [jvm.dll+0x3d4c1f]
V  [jvm.dll+0x3d6fb1]
C  [jli.dll+0x5227]
C  [ucrtbase.dll+0x21bb2]
C  [KERNEL32.DLL+0x17344]
C  [ntdll.dll+0x526b1]


---------------  P R O C E S S  ---------------

Threads class SMR info:
_java_thread_list=0x0000016740b57af0, length=0, elements={
}

Java Threads: ( => current thread )

Other Threads:
  0x0000016742cbf000 GCTaskThread "GC Thread#0" [stack: 0x0000002c2ad00000,0x0000002c2ae00000] [id=20880]
  0x0000016742d1d000 ConcurrentGCThread "G1 Main Marker" [stack: 0x0000002c2ae00000,0x0000002c2af00000] [id=20172]
  0x0000016742d1e800 ConcurrentGCThread "G1 Conc#0" [stack: 0x0000002c2af00000,0x0000002c2b000000] [id=4824]

[error occurred during error reporting (printing all threads), id 0xc0000005, EXCEPTION_ACCESS_VIOLATION (0xc0000005) at pc=0x00007ffad057a677]

VM state:not at safepoint (not fully initialized)

VM Mutex/Monitor currently owned by a thread:  ([mutex/lock_event])
[0x0000016742ca4030] Heap_lock - owner thread: 0x0000016742ca7800

Heap address: 0x0000000702000000, size: 4064 MB, Compressed Oops mode: Non-zero based: 0x0000000702000000
Narrow klass base: 0x0000000000000000, Narrow klass shift: 0

GC Heap History (0 events):
No events

Deoptimization events (0 events):
No events

Classes redefined (0 events):
No events

Internal exceptions (0 events):
No events

Events (1 events):
Event: 0.028 Loaded shared library C:\Program Files\Microsoft\jdk-11.0.20.8-hotspot\bin\zip.dll


Dynamic libraries:
0x00007ff7a82f0000 - 0x00007ff7a82fd000 	C:\Program Files\Microsoft\jdk-11.0.20.8-hotspot\bin\java.exe
0x00007ffb79510000 - 0x00007ffb79707000 	C:\Windows\SYSTEM32\ntdll.dll
0x00007ffb77de0000 - 0x00007ffb77e9d000 	C:\Windows\System32\KERNEL32.DLL
0x00007ffb76ff0000 - 0x00007ffb772e6000 	C:\Windows\System32\KERNELBASE.dll
0x00007ffb73ac0000 - 0x00007ffb73b50000 	C:\Windows\SYSTEM32\apphelp.dll
0x00007ffb76ef0000 - 0x00007ffb76ff0000 	C:\Windows\System32\ucrtbase.dll
0x00007ffb71ab0000 - 0x00007ffb71ac7000 	C:\Program Files\Microsoft\jdk-11.0.20.8-hotspot\bin\jli.dll
0x00007ffb784e0000 - 0x00007ffb7867e000 	C:\Windows\System32\USER32.dll
0x00007ffb76ec0000 - 0x00007ffb76ee2000 	C:\Windows\System32\win32u.dll
0x00007ffb69d30000 - 0x00007ffb69d45000 	C:\Program Files\Microsoft\jdk-11.0.20.8-hotspot\bin\VCRUNTIME140.dll
0x00007ffb5fa40000 - 0x00007ffb5fcda000 	C:\Windows\WinSxS\amd64_microsoft.windows.common-controls_6595b64144ccf1df_6.0.19041.3570_none_60bb2a3971f3e41a\COMCTL32.dll
0x00007ffb792f0000 - 0x00007ffb7938e000 	C:\Windows\System32\msvcrt.dll
0x00007ffb784b0000 - 0x00007ffb784dc000 	C:\Windows\System32\GDI32.dll
0x00007ffb772f0000 - 0x00007ffb7740a000 	C:\Windows\System32\gdi32full.dll
0x00007ffb76c70000 - 0x00007ffb76d0d000 	C:\Windows\System32\msvcp_win.dll
0x00007ffb77a90000 - 0x00007ffb77ac0000 	C:\Windows\System32\IMM32.DLL
0x00007ffb3ab40000 - 0x00007ffb3abdb000 	C:\Program Files\Microsoft\jdk-11.0.20.8-hotspot\bin\msvcp140.dll
0x00007ffad0280000 - 0x00007ffad0e16000 	C:\Program Files\Microsoft\jdk-11.0.20.8-hotspot\bin\server\jvm.dll
0x00007ffb79390000 - 0x00007ffb7943e000 	C:\Windows\System32\ADVAPI32.dll
0x00007ffb78120000 - 0x00007ffb781bc000 	C:\Windows\System32\sechost.dll
0x00007ffb77f10000 - 0x00007ffb78036000 	C:\Windows\System32\RPCRT4.dll
0x00007ffb77570000 - 0x00007ffb77578000 	C:\Windows\System32\PSAPI.DLL
0x00007ffb70d20000 - 0x00007ffb70d29000 	C:\Windows\SYSTEM32\WSOCK32.dll
0x00007ffb78290000 - 0x00007ffb782fb000 	C:\Windows\System32\WS2_32.dll
0x00007ffb60a60000 - 0x00007ffb60a87000 	C:\Windows\SYSTEM32\WINMM.dll
0x00007ffb6d3f0000 - 0x00007ffb6d3fa000 	C:\Windows\SYSTEM32\VERSION.dll
0x00007ffb74b00000 - 0x00007ffb74b12000 	C:\Windows\SYSTEM32\kernel.appcore.dll
0x00007ffb70220000 - 0x00007ffb70230000 	C:\Program Files\Microsoft\jdk-11.0.20.8-hotspot\bin\verify.dll
0x00007ffb743b0000 - 0x00007ffb74594000 	C:\Windows\SYSTEM32\DBGHELP.DLL
0x00007ffb55340000 - 0x00007ffb55374000 	C:\Windows\SYSTEM32\dbgcore.DLL
0x00007ffb76e30000 - 0x00007ffb76eb2000 	C:\Windows\System32\bcryptPrimitives.dll
0x00007ffb417c0000 - 0x00007ffb417e8000 	C:\Program Files\Microsoft\jdk-11.0.20.8-hotspot\bin\java.dll
0x00007ffb69d20000 - 0x00007ffb69d2a000 	C:\Program Files\Microsoft\jdk-11.0.20.8-hotspot\bin\jimage.dll
0x00007ffb417a0000 - 0x00007ffb417b8000 	C:\Program Files\Microsoft\jdk-11.0.20.8-hotspot\bin\zip.dll

dbghelp: loaded successfully - version: 4.0.5 - missing functions: none
symbol engine: initialized successfully - sym options: 0x614 - pdb path: .;C:\Program Files\Microsoft\jdk-11.0.20.8-hotspot\bin;C:\Windows\SYSTEM32;C:\Windows\WinSxS\amd64_microsoft.windows.common-controls_6595b64144ccf1df_6.0.19041.3570_none_60bb2a3971f3e41a;C:\Program Files\Microsoft\jdk-11.0.20.8-hotspot\bin\server

VM Arguments:
jvm_args: -Dfile.encoding=utf8 
java_command: c:\Users\LENOVO\.vscode\extensions\vscjava.vscode-gradle-3.13.0\lib\gradle-language-server.jar
java_class_path (initial): c:\Users\LENOVO\.vscode\extensions\vscjava.vscode-gradle-3.13.0\lib\gradle-language-server.jar
Launcher Type: SUN_STANDARD

[Global flags]
     intx CICompilerCount                          = 4                                         {product} {ergonomic}
     uint ConcGCThreads                            = 2                                         {product} {ergonomic}
     uint G1ConcRefinementThreads                  = 8                                         {product} {ergonomic}
   size_t G1HeapRegionSize                         = 1048576                                   {product} {ergonomic}
    uintx GCDrainStackTargetSize                   = 64                                        {product} {ergonomic}
   size_t InitialHeapSize                          = 266338304                                 {product} {ergonomic}
   size_t MarkStackSize                            = 4194304                                   {product} {ergonomic}
   size_t MaxHeapSize                              = 4261412864                                {product} {ergonomic}
   size_t MinHeapDeltaBytes                        = 1048576                                   {product} {ergonomic}
    uintx NonNMethodCodeHeapSize                   = 5836300                                {pd product} {ergonomic}
    uintx NonProfiledCodeHeapSize                  = 122910970                              {pd product} {ergonomic}
    uintx ProfiledCodeHeapSize                     = 122910970                              {pd product} {ergonomic}
    uintx ReservedCodeCacheSize                    = 251658240                              {pd product} {ergonomic}
     bool SegmentedCodeCache                       = true                                      {product} {ergonomic}
     bool UseCompressedClassPointers               = true                                 {lp64_product} {ergonomic}
     bool UseCompressedOops                        = true                                 {lp64_product} {ergonomic}
     bool UseG1GC                                  = true                                      {product} {ergonomic}
     bool UseLargePagesIndividualAllocation        = false                                  {pd product} {ergonomic}

Logging:
Log output configuration:
 #0: stdout all=warning uptime,level,tags
 #1: stderr all=off uptime,level,tags

Environment Variables:
JAVA_HOME=C:\Program Files\Microsoft\jdk-11.0.20.8-hotspot\
PATH=C:\Program Files (x86)\Common Files\Oracle\Java\javapath;C:\Python312\Scripts\;C:\Python312\;C:\Program Files\Microsoft\jdk-11.0.20.8-hotspot\bin;C:\Program Files\Eclipse Adoptium\jdk-11.0.20.8-hotspot\bin;C:\Python311\Scripts\;C:\Python311\;C:\Program Files (x86)\Common Files\Intel\Shared Libraries\redist\intel64\compiler;C:\Windows\system32;C:\Windows;C:\Windows\System32\Wbem;C:\Windows\System32\WindowsPowerShell\v1.0\;C:\Windows\System32\OpenSSH\;C:\Program Files\Microsoft SQL Server\120\DTS\Binn\;C:\Program Files\Microsoft SQL Server\Client SDK\ODBC\110\Tools\Binn\;C:\Program Files (x86)\Microsoft SQL Server\120\Tools\Binn\;C:\Program Files\Microsoft SQL Server\120\Tools\Binn\;C:\Program Files (x86)\Microsoft SQL Server\120\Tools\Binn\ManagementStudio\;C:\MinGW\bin;C:\Program Files (x86)\Microsoft SQL Server\120\DTS\Binn\;D:\xamp\php;D:\composer;C:\Program Files\dotnet\;D:\Matlab\runtime\win64;D:\Matlab\bin;D:\Matlab\polyspace\bin;C:\Program Files (x86)\NVIDIA Corporation\PhysX\Common;C:\Program Files\NVIDIA Corporation\NVIDIA NvDLISR;C:\Program Files\Microsoft SQL Server\110\Tools\Binn\;C:\Program Files\Cloudflare\Cloudflare WARP\;C:\ProgramData\chocolatey\bin;C:\Program Files\nodejs\;C:\Users\LENOVO\AppData\Local\Android\Sdk\platform-tools;C:\Users\LENOVO\AppData\Local\Android\Sdk\tools;C:\Users\LENOVO\AppData\Local\Microsoft\WindowsApps;C:\Program Files\java-se-8u41-ri\bin;C:\Program Files\java-se-8u41-ri;C:\Users\LENOVO\AppData\Local\Programs\Microsoft VS Code\bin;C:\Users\LENOVO\AppData\Roaming\Composer\vendor\bin;C:\Program Files\heroku\bin;C:\Users\LENOVO\AppData\Local\spicetify;C:\Program Files\Git\bin;C:\Users\LENOVO\AppData\Roaming\npm;C:\Users\LENOVO\Documents\Kuliah smt5\Mobile\gradle-8.4\bin
USERNAME=LENOVO
OS=Windows_NT
PROCESSOR_IDENTIFIER=Intel64 Family 6 Model 165 Stepping 2, GenuineIntel
TMP=C:\Users\LENOVO\AppData\Local\Temp
TEMP=C:\Users\LENOVO\AppData\Local\Temp



---------------  S Y S T E M  ---------------

OS: Windows 10 , 64 bit Build 19041 (10.0.19041.3570)
OS uptime: 0 days 7:19 hours

CPU:total 8 (initial active 8) (4 cores per cpu, 2 threads per core) family 6 model 165 stepping 2 microcode 0xea, cmov, cx8, fxsr, mmx, sse, sse2, sse3, ssse3, sse4.1, sse4.2, popcnt, avx, avx2, aes, clmul, erms, 3dnowpref, lzcnt, ht, tsc, tscinvbit, bmi1, bmi2, adx, fma

Memory: 4k page, system-wide physical 16251M (794M free)
TotalPageFile size 27998M (AvailPageFile size 107M)
current process WorkingSet (physical memory assigned to process): 11M, peak: 11M
current process commit charge ("private bytes"): 60M, peak: 314M

vm_info: OpenJDK 64-Bit Server VM (11.0.20+8-LTS) for windows-amd64 JRE (11.0.20+8-LTS), built on Jul  7 2023 17:05:21 by "MicrosoftCorporation" with MS VC++ 15.9 (VS2017)

END.
