#
# There is insufficient memory for the Java Runtime Environment to continue.
# Native memory allocation (mmap) failed to map 65536 bytes for Failed to commit metaspace.
# Possible reasons:
#   The system is out of physical RAM or swap space
#   The process is running with CompressedOops enabled, and the Java Heap may be blocking the growth of the native heap
# Possible solutions:
#   Reduce memory load on the system
#   Increase physical memory or swap space
#   Check if swap backing store is full
#   Decrease Java heap size (-Xmx/-Xms)
#   Decrease number of Java threads
#   Decrease Java thread stack sizes (-Xss)
#   Set larger code cache with -XX:ReservedCodeCacheSize=
#   JVM is running with Unscaled Compressed Oops mode in which the Java heap is
#     placed in the first 4GB address space. The Java Heap base address is the
#     maximum limit for the native heap growth. Please use -XX:HeapBaseMinAddress
#     to set the Java Heap base and to place the Java Heap above 4GB virtual address.
# This output file may be truncated or incomplete.
#
#  Out of Memory Error (virtualSpaceNode.cpp:110), pid=9476, tid=15952
#
# JRE version: OpenJDK Runtime Environment Temurin-17.0.8.1+1 (17.0.8.1+1) (build 17.0.8.1+1)
# Java VM: OpenJDK 64-Bit Server VM Temurin-17.0.8.1+1 (17.0.8.1+1, mixed mode, tiered, compressed oops, compressed class ptrs, parallel gc, windows-amd64)
# No core dump will be written. Minidumps are not enabled by default on client versions of Windows
#

---------------  S U M M A R Y ------------

Command Line: --add-modules=ALL-SYSTEM --add-opens=java.base/java.util=ALL-UNNAMED --add-opens=java.base/java.lang=ALL-UNNAMED --add-opens=java.base/sun.nio.fs=ALL-UNNAMED -Declipse.application=org.eclipse.jdt.ls.core.id1 -Dosgi.bundles.defaultStartLevel=4 -Declipse.product=org.eclipse.jdt.ls.core.product -Djava.import.generatesMetadataFilesAtProjectRoot=false -DDetectVMInstallationsJob.disabled=true -Dfile.encoding=utf8 -XX:+UseParallelGC -XX:GCTimeRatio=4 -XX:AdaptiveSizePolicyWeight=90 -Dsun.zip.disableMemoryMapping=true -Xmx1G -Xms100m -Xlog:disable -javaagent:c:\Users\LENOVO\.vscode\extensions\redhat.java-1.23.0-win32-x64\lombok\lombok-1.18.30.jar -XX:+HeapDumpOnOutOfMemoryError -XX:HeapDumpPath=c:\Users\LENOVO\AppData\Roaming\Code\User\workspaceStorage\f3dcd7a75787643743c1def4580feb8a\redhat.java -Daether.dependencyCollector.impl=bf c:\Users\LENOVO\.vscode\extensions\redhat.java-1.23.0-win32-x64\server\plugins\org.eclipse.equinox.launcher_1.6.500.v20230717-2134.jar -configuration c:\Users\LENOVO\AppData\Roaming\Code\User\globalStorage\redhat.java\1.23.0\config_win -data c:\Users\LENOVO\AppData\Roaming\Code\User\workspaceStorage\f3dcd7a75787643743c1def4580feb8a\redhat.java\jdt_ws

Host: Intel(R) Core(TM) i5-10300H CPU @ 2.50GHz, 8 cores, 15G,  Windows 10 , 64 bit Build 19041 (10.0.19041.3570)
Time: Tue Oct 24 00:39:51 2023 SE Asia Standard Time elapsed time: 0.312149 seconds (0d 0h 0m 0s)

---------------  T H R E A D  ---------------

Current thread (0x000001ddd5fcf5b0):  JavaThread "main" [_thread_in_vm, id=15952, stack(0x00000016aeb00000,0x00000016aec00000)]

Stack: [0x00000016aeb00000,0x00000016aec00000]
Native frames: (J=compiled Java code, j=interpreted, Vv=VM code, C=native code)
V  [jvm.dll+0x678b0a]
V  [jvm.dll+0x835e84]
V  [jvm.dll+0x83762e]
V  [jvm.dll+0x837c93]
V  [jvm.dll+0x24746f]
V  [jvm.dll+0x831f1b]
V  [jvm.dll+0x61d3c6]
V  [jvm.dll+0x61d42a]
V  [jvm.dll+0x61fc5a]
V  [jvm.dll+0x61dd66]
V  [jvm.dll+0x23b9ff]
V  [jvm.dll+0x627c05]
V  [jvm.dll+0x1eb90b]
V  [jvm.dll+0x1ebe45]
V  [jvm.dll+0x1ec87f]
V  [jvm.dll+0x1e1d21]
V  [jvm.dll+0x53fba0]
V  [jvm.dll+0x1f2607]
V  [jvm.dll+0x7b06ab]
V  [jvm.dll+0x7b1a52]
V  [jvm.dll+0x7b1d88]
V  [jvm.dll+0x23f76e]
V  [jvm.dll+0x3818fe]
C  0x000001dde197ae05

Java frames: (J=compiled Java code, j=interpreted, Vv=VM code)
j  jdk.internal.module.ModuleBootstrap.initModulePatcher()Ljdk/internal/module/ModulePatcher;+11 java.base
j  jdk.internal.module.ModuleBootstrap.<clinit>()V+28 java.base
v  ~StubRoutines::call_stub
j  java.lang.System.initPhase2(ZZ)I+0 java.base
v  ~StubRoutines::call_stub

---------------  P R O C E S S  ---------------

Threads class SMR info:
_java_thread_list=0x000001ddd605bfc0, length=10, elements={
0x000001ddd5fcf5b0, 0x000001ddd607ab40, 0x000001ddd607e470, 0x000001ddebd9a080,
0x000001ddebd9af00, 0x000001ddebd9bd80, 0x000001ddebd9e750, 0x000001ddf1049880,
0x000001ddf10ae0e0, 0x000001ddf10b31c0
}

Java Threads: ( => current thread )
=>0x000001ddd5fcf5b0 JavaThread "main" [_thread_in_vm, id=15952, stack(0x00000016aeb00000,0x00000016aec00000)]
  0x000001ddd607ab40 JavaThread "Reference Handler" daemon [_thread_blocked, id=4796, stack(0x00000016aee00000,0x00000016aef00000)]
  0x000001ddd607e470 JavaThread "Finalizer" daemon [_thread_blocked, id=8872, stack(0x00000016aef00000,0x00000016af000000)]
  0x000001ddebd9a080 JavaThread "Signal Dispatcher" daemon [_thread_blocked, id=21480, stack(0x00000016af000000,0x00000016af100000)]
  0x000001ddebd9af00 JavaThread "Attach Listener" daemon [_thread_blocked, id=14728, stack(0x00000016af100000,0x00000016af200000)]
  0x000001ddebd9bd80 JavaThread "Service Thread" daemon [_thread_blocked, id=5388, stack(0x00000016af200000,0x00000016af300000)]
  0x000001ddebd9e750 JavaThread "Monitor Deflation Thread" daemon [_thread_blocked, id=19328, stack(0x00000016af300000,0x00000016af400000)]
  0x000001ddf1049880 JavaThread "C2 CompilerThread0" daemon [_thread_blocked, id=16500, stack(0x00000016af400000,0x00000016af500000)]
  0x000001ddf10ae0e0 JavaThread "C1 CompilerThread0" daemon [_thread_blocked, id=612, stack(0x00000016af500000,0x00000016af600000)]
  0x000001ddf10b31c0 JavaThread "Sweeper thread" daemon [_thread_blocked, id=15500, stack(0x00000016af600000,0x00000016af700000)]

Other Threads:
  0x000001ddebd99bc0 VMThread "VM Thread" [stack: 0x00000016aed00000,0x00000016aee00000] [id=260]
  0x000001ddd5fe3430 GCTaskThread "GC Thread#0" [stack: 0x00000016aec00000,0x00000016aed00000] [id=9484]

Threads with active compile tasks:

VM state: not at safepoint (normal execution)

VM Mutex/Monitor currently owned by a thread:  ([mutex/lock_event])
[0x000001ddd5fc7320] Metaspace_lock - owner thread: 0x000001ddd5fcf5b0

Heap address: 0x00000000c0000000, size: 1024 MB, Compressed Oops mode: 32-bit

CDS archive(s) not mapped
Compressed class space mapped at: 0x0000000100000000-0x0000000140000000, reserved size: 1073741824
Narrow klass base: 0x0000000000000000, Narrow klass shift: 3, Narrow klass range: 0x140000000

GC Precious Log:
 CPUs: 8 total, 8 available
 Memory: 16251M
 Large Page Support: Disabled
 NUMA Support: Disabled
 Compressed Oops: Enabled (32-bit)
 Alignments: Space 512K, Generation 512K, Heap 2M
 Heap Min Capacity: 100M
 Heap Initial Capacity: 100M
 Heap Max Capacity: 1G
 Pre-touch: Disabled
 Parallel Workers: 8

Heap:
 PSYoungGen      total 29696K, used 1024K [0x00000000eab00000, 0x00000000ecc00000, 0x0000000100000000)
  eden space 25600K, 4% used [0x00000000eab00000,0x00000000eac00138,0x00000000ec400000)
  from space 4096K, 0% used [0x00000000ec800000,0x00000000ec800000,0x00000000ecc00000)
  to   space 4096K, 0% used [0x00000000ec400000,0x00000000ec400000,0x00000000ec800000)
 ParOldGen       total 68608K, used 0K [0x00000000c0000000, 0x00000000c4300000, 0x00000000eab00000)
  object space 68608K, 0% used [0x00000000c0000000,0x00000000c0000000,0x00000000c4300000)
 Metaspace       used 2377K, committed 2432K, reserved 1114112K
  class space    used 201K, committed 256K, reserved 1048576K

Card table byte_map: [0x000001dde9610000,0x000001dde9820000] _byte_map_base: 0x000001dde9010000

Marking Bits: (ParMarkBitMap*) 0x00007ffb0d5583a0
 Begin Bits: [0x000001dde9980000, 0x000001ddea980000)
 End Bits:   [0x000001ddea980000, 0x000001ddeb980000)

Polling page: 0x000001ddd6080000

Metaspace:

Usage:
  Non-class:      2.12 MB used.
      Class:    201.95 KB used.
       Both:      2.32 MB used.

Virtual space:
  Non-class space:       64.00 MB reserved,       2.12 MB (  3%) committed,  1 nodes.
      Class space:        1.00 GB reserved,     256.00 KB ( <1%) committed,  1 nodes.
             Both:        1.06 GB reserved,       2.38 MB ( <1%) committed. 

Chunk freelists:
   Non-Class:  12.00 MB
       Class:  15.75 MB
        Both:  27.75 MB

MaxMetaspaceSize: unlimited
CompressedClassSpaceSize: 1.00 GB
Initial GC threshold: 21.00 MB
Current GC threshold: 21.00 MB
CDS: off
MetaspaceReclaimPolicy: balanced
 - commit_granule_bytes: 65536.
 - commit_granule_words: 8192.
 - virtual_space_node_default_size: 8388608.
 - enlarge_chunks_in_place: 1.
 - new_chunks_are_fully_committed: 0.
 - uncommit_free_chunks: 1.
 - use_allocation_guard: 0.
 - handle_deallocations: 1.


Internal statistics:

num_allocs_failed_limit: 0.
num_arena_births: 2.
num_arena_deaths: 0.
num_vsnodes_births: 2.
num_vsnodes_deaths: 0.
num_space_committed: 38.
num_space_uncommitted: 0.
num_chunks_returned_to_freelist: 0.
num_chunks_taken_from_freelist: 3.
num_chunk_merges: 0.
num_chunk_splits: 2.
num_chunks_enlarged: 0.
num_inconsistent_stats: 0.

CodeHeap 'non-profiled nmethods': size=120000Kb used=0Kb max_used=0Kb free=120000Kb
 bounds [0x000001dde1f00000, 0x000001dde2170000, 0x000001dde9430000]
CodeHeap 'profiled nmethods': size=120000Kb used=2Kb max_used=2Kb free=119998Kb
 bounds [0x000001ddda430000, 0x000001ddda6a0000, 0x000001dde1960000]
CodeHeap 'non-nmethods': size=5760Kb used=1008Kb max_used=1008Kb free=4751Kb
 bounds [0x000001dde1960000, 0x000001dde1bd0000, 0x000001dde1f00000]
 total_blobs=264 nmethods=2 adapters=178
 compilation: enabled
              stopped_count=0, restarted_count=0
 full_count=0

Compilation events (4 events):
Event: 0.295 Thread 0x000001ddf10ae0e0    1       3       java.lang.String::isLatin1 (19 bytes)
Event: 0.296 Thread 0x000001ddf10ae0e0 nmethod 1 0x000001ddda430010 code [0x000001ddda4301a0, 0x000001ddda430318]
Event: 0.296 Thread 0x000001ddf10ae0e0    2       3       java.lang.StringLatin1::hashCode (42 bytes)
Event: 0.296 Thread 0x000001ddf10ae0e0 nmethod 2 0x000001ddda430390 code [0x000001ddda430520, 0x000001ddda4306d8]

GC Heap History (0 events):
No events

Dll operation events (1 events):
Event: 0.022 Loaded shared library c:\Users\LENOVO\.vscode\extensions\redhat.java-1.23.0-win32-x64\jre\17.0.8.1-win32-x86_64\bin\java.dll

Deoptimization events (0 events):
No events

Classes unloaded (0 events):
No events

Classes redefined (0 events):
No events

Internal exceptions (0 events):
No events

VM Operations (0 events):
No events

Events (20 events):
Event: 0.302 loading class java/lang/module/ModuleDescriptor done
Event: 0.302 loading class sun/invoke/util/VerifyAccess
Event: 0.302 loading class sun/invoke/util/VerifyAccess done
Event: 0.302 loading class java/lang/reflect/Modifier
Event: 0.302 loading class java/lang/reflect/Modifier done
Event: 0.302 loading class java/lang/module/ModuleDescriptor$1
Event: 0.302 loading class jdk/internal/access/JavaLangModuleAccess
Event: 0.303 loading class jdk/internal/access/JavaLangModuleAccess done
Event: 0.303 loading class java/lang/module/ModuleDescriptor$1 done
Event: 0.303 loading class java/io/File
Event: 0.303 loading class java/io/File done
Event: 0.303 loading class java/io/DefaultFileSystem
Event: 0.303 loading class java/io/DefaultFileSystem done
Event: 0.303 loading class java/io/WinNTFileSystem
Event: 0.304 loading class java/io/FileSystem
Event: 0.304 loading class java/io/FileSystem done
Event: 0.304 loading class java/io/WinNTFileSystem done
Event: 0.304 loading class jdk/internal/util/ArraysSupport
Event: 0.304 loading class jdk/internal/util/ArraysSupport done
Event: 0.305 loading class jdk/internal/module/ModulePatcher


Dynamic libraries:
0x00007ff6d0d20000 - 0x00007ff6d0d2e000 	c:\Users\LENOVO\.vscode\extensions\redhat.java-1.23.0-win32-x64\jre\17.0.8.1-win32-x86_64\bin\java.exe
0x00007ffb79510000 - 0x00007ffb79707000 	C:\Windows\SYSTEM32\ntdll.dll
0x00007ffb77de0000 - 0x00007ffb77e9d000 	C:\Windows\System32\KERNEL32.DLL
0x00007ffb76ff0000 - 0x00007ffb772e6000 	C:\Windows\System32\KERNELBASE.dll
0x00007ffb73ac0000 - 0x00007ffb73b50000 	C:\Windows\SYSTEM32\apphelp.dll
0x00007ffb76ef0000 - 0x00007ffb76ff0000 	C:\Windows\System32\ucrtbase.dll
0x00007ffb5ff40000 - 0x00007ffb5ff57000 	c:\Users\LENOVO\.vscode\extensions\redhat.java-1.23.0-win32-x64\jre\17.0.8.1-win32-x86_64\bin\jli.dll
0x00007ffb784e0000 - 0x00007ffb7867e000 	C:\Windows\System32\USER32.dll
0x00007ffb76ec0000 - 0x00007ffb76ee2000 	C:\Windows\System32\win32u.dll
0x00007ffb784b0000 - 0x00007ffb784dc000 	C:\Windows\System32\GDI32.dll
0x00007ffb772f0000 - 0x00007ffb7740a000 	C:\Windows\System32\gdi32full.dll
0x00007ffb76c70000 - 0x00007ffb76d0d000 	C:\Windows\System32\msvcp_win.dll
0x00007ffb4c5b0000 - 0x00007ffb4c5c9000 	c:\Users\LENOVO\.vscode\extensions\redhat.java-1.23.0-win32-x64\jre\17.0.8.1-win32-x86_64\bin\VCRUNTIME140.dll
0x00007ffb5fa40000 - 0x00007ffb5fcda000 	C:\Windows\WinSxS\amd64_microsoft.windows.common-controls_6595b64144ccf1df_6.0.19041.3570_none_60bb2a3971f3e41a\COMCTL32.dll
0x00007ffb792f0000 - 0x00007ffb7938e000 	C:\Windows\System32\msvcrt.dll
0x00007ffb77a90000 - 0x00007ffb77ac0000 	C:\Windows\System32\IMM32.DLL
0x00007ffb52440000 - 0x00007ffb5244c000 	c:\Users\LENOVO\.vscode\extensions\redhat.java-1.23.0-win32-x64\jre\17.0.8.1-win32-x86_64\bin\vcruntime140_1.dll
0x00007ffb3ae60000 - 0x00007ffb3aef1000 	c:\Users\LENOVO\.vscode\extensions\redhat.java-1.23.0-win32-x64\jre\17.0.8.1-win32-x86_64\bin\msvcp140.dll
0x00007ffb0c9d0000 - 0x00007ffb0d61c000 	c:\Users\LENOVO\.vscode\extensions\redhat.java-1.23.0-win32-x64\jre\17.0.8.1-win32-x86_64\bin\server\jvm.dll
0x00007ffb79390000 - 0x00007ffb7943e000 	C:\Windows\System32\ADVAPI32.dll
0x00007ffb78120000 - 0x00007ffb781bc000 	C:\Windows\System32\sechost.dll
0x00007ffb77f10000 - 0x00007ffb78036000 	C:\Windows\System32\RPCRT4.dll
0x00007ffb761a0000 - 0x00007ffb761eb000 	C:\Windows\SYSTEM32\POWRPROF.dll
0x00007ffb70d20000 - 0x00007ffb70d29000 	C:\Windows\SYSTEM32\WSOCK32.dll
0x00007ffb78290000 - 0x00007ffb782fb000 	C:\Windows\System32\WS2_32.dll
0x00007ffb60a60000 - 0x00007ffb60a87000 	C:\Windows\SYSTEM32\WINMM.dll
0x00007ffb6d3f0000 - 0x00007ffb6d3fa000 	C:\Windows\SYSTEM32\VERSION.dll
0x00007ffb76010000 - 0x00007ffb76022000 	C:\Windows\SYSTEM32\UMPDC.dll
0x00007ffb74b00000 - 0x00007ffb74b12000 	C:\Windows\SYSTEM32\kernel.appcore.dll
0x00007ffb50ec0000 - 0x00007ffb50eca000 	c:\Users\LENOVO\.vscode\extensions\redhat.java-1.23.0-win32-x64\jre\17.0.8.1-win32-x86_64\bin\jimage.dll
0x00007ffb743b0000 - 0x00007ffb74594000 	C:\Windows\SYSTEM32\DBGHELP.DLL
0x00007ffb55340000 - 0x00007ffb55374000 	C:\Windows\SYSTEM32\dbgcore.DLL
0x00007ffb76e30000 - 0x00007ffb76eb2000 	C:\Windows\System32\bcryptPrimitives.dll
0x00007ffb4a980000 - 0x00007ffb4a98e000 	c:\Users\LENOVO\.vscode\extensions\redhat.java-1.23.0-win32-x64\jre\17.0.8.1-win32-x86_64\bin\instrument.dll
0x00007ffb3b780000 - 0x00007ffb3b7a5000 	c:\Users\LENOVO\.vscode\extensions\redhat.java-1.23.0-win32-x64\jre\17.0.8.1-win32-x86_64\bin\java.dll
0x00007ffb4a340000 - 0x00007ffb4a358000 	c:\Users\LENOVO\.vscode\extensions\redhat.java-1.23.0-win32-x64\jre\17.0.8.1-win32-x86_64\bin\zip.dll
0x00007ffb78ba0000 - 0x00007ffb792e4000 	C:\Windows\System32\SHELL32.dll
0x00007ffb74c90000 - 0x00007ffb7542b000 	C:\Windows\SYSTEM32\windows.storage.dll
0x00007ffb776b0000 - 0x00007ffb77a04000 	C:\Windows\System32\combase.dll
0x00007ffb76630000 - 0x00007ffb7665d000 	C:\Windows\SYSTEM32\Wldp.dll
0x00007ffb78af0000 - 0x00007ffb78b9d000 	C:\Windows\System32\SHCORE.dll
0x00007ffb78330000 - 0x00007ffb78385000 	C:\Windows\System32\shlwapi.dll
0x00007ffb76b20000 - 0x00007ffb76b45000 	C:\Windows\SYSTEM32\profapi.dll

dbghelp: loaded successfully - version: 4.0.5 - missing functions: none
symbol engine: initialized successfully - sym options: 0x614 - pdb path: .;c:\Users\LENOVO\.vscode\extensions\redhat.java-1.23.0-win32-x64\jre\17.0.8.1-win32-x86_64\bin;C:\Windows\SYSTEM32;C:\Windows\WinSxS\amd64_microsoft.windows.common-controls_6595b64144ccf1df_6.0.19041.3570_none_60bb2a3971f3e41a;c:\Users\LENOVO\.vscode\extensions\redhat.java-1.23.0-win32-x64\jre\17.0.8.1-win32-x86_64\bin\server

VM Arguments:
jvm_args: --add-modules=ALL-SYSTEM --add-opens=java.base/java.util=ALL-UNNAMED --add-opens=java.base/java.lang=ALL-UNNAMED --add-opens=java.base/sun.nio.fs=ALL-UNNAMED -Declipse.application=org.eclipse.jdt.ls.core.id1 -Dosgi.bundles.defaultStartLevel=4 -Declipse.product=org.eclipse.jdt.ls.core.product -Djava.import.generatesMetadataFilesAtProjectRoot=false -DDetectVMInstallationsJob.disabled=true -Dfile.encoding=utf8 -XX:+UseParallelGC -XX:GCTimeRatio=4 -XX:AdaptiveSizePolicyWeight=90 -Dsun.zip.disableMemoryMapping=true -Xmx1G -Xms100m -Xlog:disable -javaagent:c:\Users\LENOVO\.vscode\extensions\redhat.java-1.23.0-win32-x64\lombok\lombok-1.18.30.jar -XX:+HeapDumpOnOutOfMemoryError -XX:HeapDumpPath=c:\Users\LENOVO\AppData\Roaming\Code\User\workspaceStorage\f3dcd7a75787643743c1def4580feb8a\redhat.java -Daether.dependencyCollector.impl=bf 
java_command: c:\Users\LENOVO\.vscode\extensions\redhat.java-1.23.0-win32-x64\server\plugins\org.eclipse.equinox.launcher_1.6.500.v20230717-2134.jar -configuration c:\Users\LENOVO\AppData\Roaming\Code\User\globalStorage\redhat.java\1.23.0\config_win -data c:\Users\LENOVO\AppData\Roaming\Code\User\workspaceStorage\f3dcd7a75787643743c1def4580feb8a\redhat.java\jdt_ws
java_class_path (initial): c:\Users\LENOVO\.vscode\extensions\redhat.java-1.23.0-win32-x64\server\plugins\org.eclipse.equinox.launcher_1.6.500.v20230717-2134.jar
Launcher Type: SUN_STANDARD

[Global flags]
    uintx AdaptiveSizePolicyWeight                 = 90                                        {product} {command line}
     intx CICompilerCount                          = 4                                         {product} {ergonomic}
    uintx GCTimeRatio                              = 4                                         {product} {command line}
     bool HeapDumpOnOutOfMemoryError               = true                                   {manageable} {command line}
    ccstr HeapDumpPath                             = c:\Users\LENOVO\AppData\Roaming\Code\User\workspaceStorage\f3dcd7a75787643743c1def4580feb8a\redhat.java         {manageable} {command line}
   size_t InitialHeapSize                          = 104857600                                 {product} {command line}
   size_t MaxHeapSize                              = 1073741824                                {product} {command line}
   size_t MaxNewSize                               = 357564416                                 {product} {ergonomic}
   size_t MinHeapDeltaBytes                        = 524288                                    {product} {ergonomic}
   size_t MinHeapSize                              = 104857600                                 {product} {command line}
   size_t NewSize                                  = 34603008                                  {product} {ergonomic}
    uintx NonNMethodCodeHeapSize                   = 5839372                                {pd product} {ergonomic}
    uintx NonProfiledCodeHeapSize                  = 122909434                              {pd product} {ergonomic}
   size_t OldSize                                  = 70254592                                  {product} {ergonomic}
    uintx ProfiledCodeHeapSize                     = 122909434                              {pd product} {ergonomic}
    uintx ReservedCodeCacheSize                    = 251658240                              {pd product} {ergonomic}
     bool SegmentedCodeCache                       = true                                      {product} {ergonomic}
   size_t SoftMaxHeapSize                          = 1073741824                             {manageable} {ergonomic}
     bool UseCompressedClassPointers               = true                           {product lp64_product} {ergonomic}
     bool UseCompressedOops                        = true                           {product lp64_product} {ergonomic}
     bool UseLargePagesIndividualAllocation        = false                                  {pd product} {ergonomic}
     bool UseParallelGC                            = true                                      {product} {command line}

Logging:
Log output configuration:
 #0: stdout all=off uptime,level,tags
 #1: stderr all=off uptime,level,tags

Environment Variables:
JAVA_HOME=C:\Program Files\Microsoft\jdk-11.0.20.8-hotspot\
PATH=C:\Program Files (x86)\Common Files\Oracle\Java\javapath;C:\Python312\Scripts\;C:\Python312\;C:\Program Files\Microsoft\jdk-11.0.20.8-hotspot\bin;C:\Program Files\Eclipse Adoptium\jdk-11.0.20.8-hotspot\bin;C:\Python311\Scripts\;C:\Python311\;C:\Program Files (x86)\Common Files\Intel\Shared Libraries\redist\intel64\compiler;C:\Windows\system32;C:\Windows;C:\Windows\System32\Wbem;C:\Windows\System32\WindowsPowerShell\v1.0\;C:\Windows\System32\OpenSSH\;C:\Program Files\Microsoft SQL Server\120\DTS\Binn\;C:\Program Files\Microsoft SQL Server\Client SDK\ODBC\110\Tools\Binn\;C:\Program Files (x86)\Microsoft SQL Server\120\Tools\Binn\;C:\Program Files\Microsoft SQL Server\120\Tools\Binn\;C:\Program Files (x86)\Microsoft SQL Server\120\Tools\Binn\ManagementStudio\;C:\MinGW\bin;C:\Program Files (x86)\Microsoft SQL Server\120\DTS\Binn\;D:\xamp\php;D:\composer;C:\Program Files\dotnet\;D:\Matlab\runtime\win64;D:\Matlab\bin;D:\Matlab\polyspace\bin;C:\Program Files (x86)\NVIDIA Corporation\PhysX\Common;C:\Program Files\NVIDIA Corporation\NVIDIA NvDLISR;C:\Program Files\Microsoft SQL Server\110\Tools\Binn\;C:\Program Files\Cloudflare\Cloudflare WARP\;C:\ProgramData\chocolatey\bin;C:\Program Files\nodejs\;C:\Users\LENOVO\AppData\Local\Android\Sdk\platform-tools;C:\Users\LENOVO\AppData\Local\Android\Sdk\tools;C:\Users\LENOVO\AppData\Local\Microsoft\WindowsApps;C:\Program Files\java-se-8u41-ri\bin;C:\Program Files\java-se-8u41-ri;C:\Users\LENOVO\AppData\Local\Programs\Microsoft VS Code\bin;C:\Users\LENOVO\AppData\Roaming\Composer\vendor\bin;C:\Program Files\heroku\bin;C:\Users\LENOVO\AppData\Local\spicetify;C:\Program Files\Git\bin;C:\Users\LENOVO\AppData\Roaming\npm;C:\Users\LENOVO\Documents\Kuliah smt5\Mobile\gradle-8.4\bin
USERNAME=LENOVO
OS=Windows_NT
PROCESSOR_IDENTIFIER=Intel64 Family 6 Model 165 Stepping 2, GenuineIntel
TMP=C:\Users\LENOVO\AppData\Local\Temp
TEMP=C:\Users\LENOVO\AppData\Local\Temp



---------------  S Y S T E M  ---------------

OS:
 Windows 10 , 64 bit Build 19041 (10.0.19041.3570)
OS uptime: 0 days 7:48 hours

CPU: total 8 (initial active 8) (4 cores per cpu, 2 threads per core) family 6 model 165 stepping 2 microcode 0xea, cx8, cmov, fxsr, ht, mmx, 3dnowpref, sse, sse2, sse3, ssse3, sse4.1, sse4.2, popcnt, lzcnt, tsc, tscinvbit, avx, avx2, aes, erms, clmul, bmi1, bmi2, adx, fma, vzeroupper, clflush, clflushopt
Processor Information for all 8 processors :
  Max Mhz: 2496, Current Mhz: 2496, Mhz Limit: 2496

Memory: 4k page, system-wide physical 16251M (2126M free)
TotalPageFile size 28598M (AvailPageFile size 59M)
current process WorkingSet (physical memory assigned to process): 23M, peak: 23M
current process commit charge ("private bytes"): 179M, peak: 179M

vm_info: OpenJDK 64-Bit Server VM (17.0.8.1+1) for windows-amd64 JRE (17.0.8.1+1), built on Aug 23 2023 15:29:17 by "admin" with MS VC++ 16.7 (VS2019)

END.
