#
# There is insufficient memory for the Java Runtime Environment to continue.
# Native memory allocation (mmap) failed to map 266338304 bytes for G1 virtual space
# Possible reasons:
#   The system is out of physical RAM or swap space
#   The process is running with CompressedOops enabled, and the Java Heap may be blocking the growth of the native heap
# Possible solutions:
#   Reduce memory load on the system
#   Increase physical memory or swap space
#   Check if swap backing store is full
#   Decrease Java heap size (-Xmx/-Xms)
#   Decrease number of Java threads
#   Decrease Java thread stack sizes (-Xss)
#   Set larger code cache with -XX:ReservedCodeCacheSize=
#   JVM is running with Zero Based Compressed Oops mode in which the Java heap is
#     placed in the first 32GB address space. The Java Heap base address is the
#     maximum limit for the native heap growth. Please use -XX:HeapBaseMinAddress
#     to set the Java Heap base and to place the Java Heap above 32GB virtual address.
# This output file may be truncated or incomplete.
#
#  Out of Memory Error (os_windows.cpp:3617), pid=6392, tid=6988
#
# JRE version:  (17.0.8.1+1) (build )
# Java VM: OpenJDK 64-Bit Server VM (17.0.8.1+1, mixed mode, sharing, tiered, compressed oops, compressed class ptrs, g1 gc, windows-amd64)
# No core dump will be written. Minidumps are not enabled by default on client versions of Windows
#

---------------  S U M M A R Y ------------

Command Line: --add-opens=java.base/java.lang=ALL-UNNAMED --add-opens=java.base/java.io=ALL-UNNAMED --add-opens=java.base/java.util=ALL-UNNAMED -Dplugin.dir=C:\Users\LENOVO\.vscode\extensions\redhat.java-1.23.0-win32-x64\server\..\..\vscjava.vscode-gradle-3.13.0\server\plugins com.microsoft.java.bs.core.Launcher

Host: Intel(R) Core(TM) i5-10300H CPU @ 2.50GHz, 8 cores, 15G,  Windows 10 , 64 bit Build 19041 (10.0.19041.3570)
Time: Tue Oct 24 00:10:22 2023 SE Asia Standard Time elapsed time: 0.022699 seconds (0d 0h 0m 0s)

---------------  T H R E A D  ---------------

Current thread (0x00000229edad5ee0):  JavaThread "Unknown thread" [_thread_in_vm, id=6988, stack(0x0000005591300000,0x0000005591400000)]

Stack: [0x0000005591300000,0x0000005591400000]
Native frames: (J=compiled Java code, j=interpreted, Vv=VM code, C=native code)
V  [jvm.dll+0x678b0a]
V  [jvm.dll+0x835e84]
V  [jvm.dll+0x83762e]
V  [jvm.dll+0x837c93]
V  [jvm.dll+0x24746f]
V  [jvm.dll+0x675859]
V  [jvm.dll+0x66a0ea]
V  [jvm.dll+0x306c7b]
V  [jvm.dll+0x30e166]
V  [jvm.dll+0x35dd3e]
V  [jvm.dll+0x35df6f]
V  [jvm.dll+0x2ddb48]
V  [jvm.dll+0x2deab4]
V  [jvm.dll+0x807f31]
V  [jvm.dll+0x36bb21]
V  [jvm.dll+0x7e733c]
V  [jvm.dll+0x3ee4af]
V  [jvm.dll+0x3f00c1]
C  [jli.dll+0x528b]
C  [ucrtbase.dll+0x21bb2]
C  [KERNEL32.DLL+0x17344]
C  [ntdll.dll+0x526b1]


---------------  P R O C E S S  ---------------

Threads class SMR info:
_java_thread_list=0x00007ffacf5ba018, length=0, elements={
}

Java Threads: ( => current thread )

Other Threads:
  0x00000229edb41fe0 GCTaskThread "GC Thread#0" [stack: 0x0000005591400000,0x0000005591500000] [id=6992]
  0x00000229edb52d30 ConcurrentGCThread "G1 Main Marker" [stack: 0x0000005591500000,0x0000005591600000] [id=7012]
  0x00000229edb53740 ConcurrentGCThread "G1 Conc#0" [stack: 0x0000005591600000,0x0000005591700000] [id=6996]

[error occurred during error reporting (printing all threads), id 0xc0000005, EXCEPTION_ACCESS_VIOLATION (0xc0000005) at pc=0x00007ffaced8e587]

VM state: not at safepoint (not fully initialized)

VM Mutex/Monitor currently owned by a thread:  ([mutex/lock_event])
[0x00000229edad1230] Heap_lock - owner thread: 0x00000229edad5ee0

Heap address: 0x0000000702000000, size: 4064 MB, Compressed Oops mode: Zero based, Oop shift amount: 3

CDS archive(s) mapped at: [0x0000000000000000-0x0000000000000000-0x0000000000000000), size 0, SharedBaseAddress: 0x0000000800000000, ArchiveRelocationMode: 1.
Narrow klass base: 0x0000000000000000, Narrow klass shift: 0, Narrow klass range: 0x0

GC Precious Log:
<Empty>

Heap:
 garbage-first heap   total 0K, used 0K [0x0000000702000000, 0x0000000800000000)
  region size 2048K, 0 young (0K), 0 survivors (0K)

[error occurred during error reporting (printing heap information), id 0xc0000005, EXCEPTION_ACCESS_VIOLATION (0xc0000005) at pc=0x00007ffacf172699]

GC Heap History (0 events):
No events

Dll operation events (1 events):
Event: 0.015 Loaded shared library C:\Users\LENOVO\.vscode\extensions\redhat.java-1.23.0-win32-x64\jre\17.0.8.1-win32-x86_64\bin\java.dll

Deoptimization events (0 events):
No events

Classes unloaded (0 events):
No events

Classes redefined (0 events):
No events

Internal exceptions (0 events):
No events

VM Operations (0 events):
No events

Events (0 events):
No events


Dynamic libraries:
0x00007ff6d0d20000 - 0x00007ff6d0d2e000 	C:\Users\LENOVO\.vscode\extensions\redhat.java-1.23.0-win32-x64\jre\17.0.8.1-win32-x86_64\bin\java.exe
0x00007ffb79510000 - 0x00007ffb79707000 	C:\Windows\SYSTEM32\ntdll.dll
0x00007ffb77de0000 - 0x00007ffb77e9d000 	C:\Windows\System32\KERNEL32.DLL
0x00007ffb76ff0000 - 0x00007ffb772e6000 	C:\Windows\System32\KERNELBASE.dll
0x00007ffb73ac0000 - 0x00007ffb73b50000 	C:\Windows\SYSTEM32\apphelp.dll
0x00007ffb76ef0000 - 0x00007ffb76ff0000 	C:\Windows\System32\ucrtbase.dll
0x00007ffb3abe0000 - 0x00007ffb3abf9000 	C:\Users\LENOVO\.vscode\extensions\redhat.java-1.23.0-win32-x64\jre\17.0.8.1-win32-x86_64\bin\VCRUNTIME140.dll
0x00007ffb3b750000 - 0x00007ffb3b767000 	C:\Users\LENOVO\.vscode\extensions\redhat.java-1.23.0-win32-x64\jre\17.0.8.1-win32-x86_64\bin\jli.dll
0x00007ffb784e0000 - 0x00007ffb7867e000 	C:\Windows\System32\USER32.dll
0x00007ffb5fa40000 - 0x00007ffb5fcda000 	C:\Windows\WinSxS\amd64_microsoft.windows.common-controls_6595b64144ccf1df_6.0.19041.3570_none_60bb2a3971f3e41a\COMCTL32.dll
0x00007ffb792f0000 - 0x00007ffb7938e000 	C:\Windows\System32\msvcrt.dll
0x00007ffb784b0000 - 0x00007ffb784dc000 	C:\Windows\System32\GDI32.dll
0x00007ffb76ec0000 - 0x00007ffb76ee2000 	C:\Windows\System32\win32u.dll
0x00007ffb772f0000 - 0x00007ffb7740a000 	C:\Windows\System32\gdi32full.dll
0x00007ffb76c70000 - 0x00007ffb76d0d000 	C:\Windows\System32\msvcp_win.dll
0x00007ffb77a90000 - 0x00007ffb77ac0000 	C:\Windows\System32\IMM32.DLL
0x00007ffb3a730000 - 0x00007ffb3a73c000 	C:\Users\LENOVO\.vscode\extensions\redhat.java-1.23.0-win32-x64\jre\17.0.8.1-win32-x86_64\bin\vcruntime140_1.dll
0x00007ffb23420000 - 0x00007ffb234b1000 	C:\Users\LENOVO\.vscode\extensions\redhat.java-1.23.0-win32-x64\jre\17.0.8.1-win32-x86_64\bin\msvcp140.dll
0x00007ffaceaa0000 - 0x00007ffacf6ec000 	C:\Users\LENOVO\.vscode\extensions\redhat.java-1.23.0-win32-x64\jre\17.0.8.1-win32-x86_64\bin\server\jvm.dll
0x00007ffb79390000 - 0x00007ffb7943e000 	C:\Windows\System32\ADVAPI32.dll
0x00007ffb78120000 - 0x00007ffb781bc000 	C:\Windows\System32\sechost.dll
0x00007ffb77f10000 - 0x00007ffb78036000 	C:\Windows\System32\RPCRT4.dll
0x00007ffb70d20000 - 0x00007ffb70d29000 	C:\Windows\SYSTEM32\WSOCK32.dll
0x00007ffb761a0000 - 0x00007ffb761eb000 	C:\Windows\SYSTEM32\POWRPROF.dll
0x00007ffb60a60000 - 0x00007ffb60a87000 	C:\Windows\SYSTEM32\WINMM.dll
0x00007ffb78290000 - 0x00007ffb782fb000 	C:\Windows\System32\WS2_32.dll
0x00007ffb6d3f0000 - 0x00007ffb6d3fa000 	C:\Windows\SYSTEM32\VERSION.dll
0x00007ffb76010000 - 0x00007ffb76022000 	C:\Windows\SYSTEM32\UMPDC.dll
0x00007ffb74b00000 - 0x00007ffb74b12000 	C:\Windows\SYSTEM32\kernel.appcore.dll
0x00007ffb3a5d0000 - 0x00007ffb3a5da000 	C:\Users\LENOVO\.vscode\extensions\redhat.java-1.23.0-win32-x64\jre\17.0.8.1-win32-x86_64\bin\jimage.dll
0x00007ffb743b0000 - 0x00007ffb74594000 	C:\Windows\SYSTEM32\DBGHELP.DLL
0x00007ffb55340000 - 0x00007ffb55374000 	C:\Windows\SYSTEM32\dbgcore.DLL
0x00007ffb76e30000 - 0x00007ffb76eb2000 	C:\Windows\System32\bcryptPrimitives.dll
0x00007ffb352d0000 - 0x00007ffb352f5000 	C:\Users\LENOVO\.vscode\extensions\redhat.java-1.23.0-win32-x64\jre\17.0.8.1-win32-x86_64\bin\java.dll

dbghelp: loaded successfully - version: 4.0.5 - missing functions: none
symbol engine: initialized successfully - sym options: 0x614 - pdb path: .;C:\Users\LENOVO\.vscode\extensions\redhat.java-1.23.0-win32-x64\jre\17.0.8.1-win32-x86_64\bin;C:\Windows\SYSTEM32;C:\Windows\WinSxS\amd64_microsoft.windows.common-controls_6595b64144ccf1df_6.0.19041.3570_none_60bb2a3971f3e41a;C:\Users\LENOVO\.vscode\extensions\redhat.java-1.23.0-win32-x64\jre\17.0.8.1-win32-x86_64\bin\server

VM Arguments:
jvm_args: --add-opens=java.base/java.lang=ALL-UNNAMED --add-opens=java.base/java.io=ALL-UNNAMED --add-opens=java.base/java.util=ALL-UNNAMED -Dplugin.dir=C:\Users\LENOVO\.vscode\extensions\redhat.java-1.23.0-win32-x64\server\..\..\vscjava.vscode-gradle-3.13.0\server\plugins 
java_command: com.microsoft.java.bs.core.Launcher
java_class_path (initial): C:\Users\LENOVO\.vscode\extensions\redhat.java-1.23.0-win32-x64\server\..\..\vscjava.vscode-gradle-3.13.0\server\server.jar;C:\Users\LENOVO\.vscode\extensions\redhat.java-1.23.0-win32-x64\server\..\..\vscjava.vscode-gradle-3.13.0\server\runtime\bsp4j-2.1.0-M4.jar;C:\Users\LENOVO\.vscode\extensions\redhat.java-1.23.0-win32-x64\server\..\..\vscjava.vscode-gradle-3.13.0\server\runtime\checker-qual-3.5.0.jar;C:\Users\LENOVO\.vscode\extensions\redhat.java-1.23.0-win32-x64\server\..\..\vscjava.vscode-gradle-3.13.0\server\runtime\commons-lang3-3.13.0.jar;C:\Users\LENOVO\.vscode\extensions\redhat.java-1.23.0-win32-x64\server\..\..\vscjava.vscode-gradle-3.13.0\server\runtime\error_prone_annotations-2.3.4.jar;C:\Users\LENOVO\.vscode\extensions\redhat.java-1.23.0-win32-x64\server\..\..\vscjava.vscode-gradle-3.13.0\server\runtime\failureaccess-1.0.1.jar;C:\Users\LENOVO\.vscode\extensions\redhat.java-1.23.0-win32-x64\server\..\..\vscjava.vscode-gradle-3.13.0\server\runtime\gradle-tooling-api-8.1.1.jar;C:\Users\LENOVO\.vscode\extensions\redhat.java-1.23.0-win32-x64\server\..\..\vscjava.vscode-gradle-3.13.0\server\runtime\gson-2.9.1.jar;C:\Users\LENOVO\.vscode\extensions\redhat.java-1.23.0-win32-x64\server\..\..\vscjava.vscode-gradle-3.13.0\server\runtime\guava-30.1-jre.jar;C:\Users\LENOVO\.vscode\extensions\redhat.java-1.23.0-win32-x64\server\..\..\vscjava.vscode-gradle-3.13.0\server\runtime\j2objc-annotations-1.3.jar;C:\Users\LENOVO\.vscode\extensions\redhat.java-1.23.0-win32-x64\server\..\..\vscjava.vscode-gradle-3.13.0\server\runtime\jsr305-3.0.2.jar;C:\Users\LENOVO\.vscode\extensions\redhat.java-1.23.0-win32-x64\server\..\..\vscjava.vscode-gradle-3.13.0\server\runtime\listenablefuture-9999.0-empty-to-avoid-conflict-with-guava.jar;C:\Users\LENOVO\.vscode\extensions\redhat.java-1.23.0-win32-x64\server\..\..\vscjava.vscode-gradle-3.13.0\server\runtime\model.jar;C:\Users\LENOVO\.vscode\extensions\redhat.java-1.23.0-win32-x64\server\..\..\vscjava.vscod
Launcher Type: SUN_STANDARD

[Global flags]
     intx CICompilerCount                          = 4                                         {product} {ergonomic}
     uint ConcGCThreads                            = 2                                         {product} {ergonomic}
     uint G1ConcRefinementThreads                  = 8                                         {product} {ergonomic}
   size_t G1HeapRegionSize                         = 2097152                                   {product} {ergonomic}
    uintx GCDrainStackTargetSize                   = 64                                        {product} {ergonomic}
   size_t InitialHeapSize                          = 266338304                                 {product} {ergonomic}
   size_t MarkStackSize                            = 4194304                                   {product} {ergonomic}
   size_t MaxHeapSize                              = 4261412864                                {product} {ergonomic}
   size_t MinHeapDeltaBytes                        = 2097152                                   {product} {ergonomic}
   size_t MinHeapSize                              = 8388608                                   {product} {ergonomic}
    uintx NonNMethodCodeHeapSize                   = 5839372                                {pd product} {ergonomic}
    uintx NonProfiledCodeHeapSize                  = 122909434                              {pd product} {ergonomic}
    uintx ProfiledCodeHeapSize                     = 122909434                              {pd product} {ergonomic}
    uintx ReservedCodeCacheSize                    = 251658240                              {pd product} {ergonomic}
     bool SegmentedCodeCache                       = true                                      {product} {ergonomic}
   size_t SoftMaxHeapSize                          = 4261412864                             {manageable} {ergonomic}
     bool UseCompressedClassPointers               = true                           {product lp64_product} {ergonomic}
     bool UseCompressedOops                        = true                           {product lp64_product} {ergonomic}
     bool UseG1GC                                  = true                                      {product} {ergonomic}
     bool UseLargePagesIndividualAllocation        = false                                  {pd product} {ergonomic}

Logging:
Log output configuration:
 #0: stdout all=warning uptime,level,tags
 #1: stderr all=off uptime,level,tags

Environment Variables:
JAVA_HOME=C:\Program Files\Microsoft\jdk-11.0.20.8-hotspot\
PATH=C:\Program Files (x86)\Common Files\Oracle\Java\javapath;C:\Python312\Scripts\;C:\Python312\;C:\Program Files\Microsoft\jdk-11.0.20.8-hotspot\bin;C:\Program Files\Eclipse Adoptium\jdk-11.0.20.8-hotspot\bin;C:\Python311\Scripts\;C:\Python311\;C:\Program Files (x86)\Common Files\Intel\Shared Libraries\redist\intel64\compiler;C:\Windows\system32;C:\Windows;C:\Windows\System32\Wbem;C:\Windows\System32\WindowsPowerShell\v1.0\;C:\Windows\System32\OpenSSH\;C:\Program Files\Microsoft SQL Server\120\DTS\Binn\;C:\Program Files\Microsoft SQL Server\Client SDK\ODBC\110\Tools\Binn\;C:\Program Files (x86)\Microsoft SQL Server\120\Tools\Binn\;C:\Program Files\Microsoft SQL Server\120\Tools\Binn\;C:\Program Files (x86)\Microsoft SQL Server\120\Tools\Binn\ManagementStudio\;C:\MinGW\bin;C:\Program Files (x86)\Microsoft SQL Server\120\DTS\Binn\;D:\xamp\php;D:\composer;C:\Program Files\dotnet\;D:\Matlab\runtime\win64;D:\Matlab\bin;D:\Matlab\polyspace\bin;C:\Program Files (x86)\NVIDIA Corporation\PhysX\Common;C:\Program Files\NVIDIA Corporation\NVIDIA NvDLISR;C:\Program Files\Microsoft SQL Server\110\Tools\Binn\;C:\Program Files\Cloudflare\Cloudflare WARP\;C:\ProgramData\chocolatey\bin;C:\Program Files\nodejs\;C:\Users\LENOVO\AppData\Local\Android\Sdk\platform-tools;C:\Users\LENOVO\AppData\Local\Android\Sdk\tools;C:\Users\LENOVO\AppData\Local\Microsoft\WindowsApps;C:\Program Files\java-se-8u41-ri\bin;C:\Program Files\java-se-8u41-ri;C:\Users\LENOVO\AppData\Local\Programs\Microsoft VS Code\bin;C:\Users\LENOVO\AppData\Roaming\Composer\vendor\bin;C:\Program Files\heroku\bin;C:\Users\LENOVO\AppData\Local\spicetify;C:\Program Files\Git\bin;C:\Users\LENOVO\AppData\Roaming\npm;C:\Users\LENOVO\Documents\Kuliah smt5\Mobile\gradle-8.4\bin
USERNAME=LENOVO
OS=Windows_NT
PROCESSOR_IDENTIFIER=Intel64 Family 6 Model 165 Stepping 2, GenuineIntel
TMP=C:\Users\LENOVO\AppData\Local\Temp
TEMP=C:\Users\LENOVO\AppData\Local\Temp



---------------  S Y S T E M  ---------------

OS:
 Windows 10 , 64 bit Build 19041 (10.0.19041.3570)
OS uptime: 0 days 7:19 hours

CPU: total 8 (initial active 8) (4 cores per cpu, 2 threads per core) family 6 model 165 stepping 2 microcode 0xea, cx8, cmov, fxsr, ht, mmx, 3dnowpref, sse, sse2, sse3, ssse3, sse4.1, sse4.2, popcnt, lzcnt, tsc, tscinvbit, avx, avx2, aes, erms, clmul, bmi1, bmi2, adx, fma, vzeroupper, clflush, clflushopt
Processor Information for all 8 processors :
  Max Mhz: 2496, Current Mhz: 2496, Mhz Limit: 2496

Memory: 4k page, system-wide physical 16251M (509M free)
TotalPageFile size 27998M (AvailPageFile size 204M)
current process WorkingSet (physical memory assigned to process): 11M, peak: 11M
current process commit charge ("private bytes"): 60M, peak: 314M

vm_info: OpenJDK 64-Bit Server VM (17.0.8.1+1) for windows-amd64 JRE (17.0.8.1+1), built on Aug 23 2023 15:29:17 by "admin" with MS VC++ 16.7 (VS2019)

END.
