#
# There is insufficient memory for the Java Runtime Environment to continue.
# Native memory allocation (malloc) failed to allocate 67376 bytes for Chunk::new
# Possible reasons:
#   The system is out of physical RAM or swap space
#   The process is running with CompressedOops enabled, and the Java Heap may be blocking the growth of the native heap
# Possible solutions:
#   Reduce memory load on the system
#   Increase physical memory or swap space
#   Check if swap backing store is full
#   Decrease Java heap size (-Xmx/-Xms)
#   Decrease number of Java threads
#   Decrease Java thread stack sizes (-Xss)
#   Set larger code cache with -XX:ReservedCodeCacheSize=
#   JVM is running with Unscaled Compressed Oops mode in which the Java heap is
#     placed in the first 4GB address space. The Java Heap base address is the
#     maximum limit for the native heap growth. Please use -XX:HeapBaseMinAddress
#     to set the Java Heap base and to place the Java Heap above 4GB virtual address.
# This output file may be truncated or incomplete.
#
#  Out of Memory Error (arena.cpp:189), pid=20368, tid=21452
#
# JRE version: OpenJDK Runtime Environment Temurin-17.0.8.1+1 (17.0.8.1+1) (build 17.0.8.1+1)
# Java VM: OpenJDK 64-Bit Server VM Temurin-17.0.8.1+1 (17.0.8.1+1, mixed mode, tiered, compressed oops, compressed class ptrs, parallel gc, windows-amd64)
# No core dump will be written. Minidumps are not enabled by default on client versions of Windows
#

---------------  S U M M A R Y ------------

Command Line: --add-modules=ALL-SYSTEM --add-opens=java.base/java.util=ALL-UNNAMED --add-opens=java.base/java.lang=ALL-UNNAMED --add-opens=java.base/sun.nio.fs=ALL-UNNAMED -Declipse.application=org.eclipse.jdt.ls.core.id1 -Dosgi.bundles.defaultStartLevel=4 -Declipse.product=org.eclipse.jdt.ls.core.product -Djava.import.generatesMetadataFilesAtProjectRoot=false -DDetectVMInstallationsJob.disabled=true -Dfile.encoding=utf8 -XX:+UseParallelGC -XX:GCTimeRatio=4 -XX:AdaptiveSizePolicyWeight=90 -Dsun.zip.disableMemoryMapping=true -Xmx1G -Xms100m -Xlog:disable -javaagent:c:\Users\LENOVO\.vscode\extensions\redhat.java-1.23.0-win32-x64\lombok\lombok-1.18.30.jar -XX:+HeapDumpOnOutOfMemoryError -XX:HeapDumpPath=c:\Users\LENOVO\AppData\Roaming\Code\User\workspaceStorage\29c8ae1b0233c0d00bad3947df996076\redhat.java -Daether.dependencyCollector.impl=bf c:\Users\LENOVO\.vscode\extensions\redhat.java-1.23.0-win32-x64\server\plugins\org.eclipse.equinox.launcher_1.6.500.v20230717-2134.jar -configuration c:\Users\LENOVO\AppData\Roaming\Code\User\globalStorage\redhat.java\1.23.0\config_win -data c:\Users\LENOVO\AppData\Roaming\Code\User\workspaceStorage\29c8ae1b0233c0d00bad3947df996076\redhat.java\jdt_ws

Host: Intel(R) Core(TM) i5-10300H CPU @ 2.50GHz, 8 cores, 15G,  Windows 10 , 64 bit Build 19041 (10.0.19041.3570)
Time: Tue Oct 24 00:11:43 2023 SE Asia Standard Time elapsed time: 92.620897 seconds (0d 0h 1m 32s)

---------------  T H R E A D  ---------------

Current thread (0x000001da00065410):  JavaThread "C2 CompilerThread0" daemon [_thread_in_native, id=21452, stack(0x0000006d52d00000,0x0000006d52e00000)]


Current CompileTask:
C2:  92620 7065   !   4       org.eclipse.core.internal.jobs.JobManager::withWriteLock (70 bytes)

Stack: [0x0000006d52d00000,0x0000006d52e00000]
Native frames: (J=compiled Java code, j=interpreted, Vv=VM code, C=native code)
V  [jvm.dll+0x678b0a]
V  [jvm.dll+0x835e84]
V  [jvm.dll+0x83762e]
V  [jvm.dll+0x837c93]
V  [jvm.dll+0x24746f]
V  [jvm.dll+0xac20c]
V  [jvm.dll+0xac7dc]
V  [jvm.dll+0x365c52]
V  [jvm.dll+0x3301a1]
V  [jvm.dll+0x32f64a]
V  [jvm.dll+0x219bf1]
V  [jvm.dll+0x219011]
V  [jvm.dll+0x1a534d]
V  [jvm.dll+0x228d8a]
V  [jvm.dll+0x226dcc]
V  [jvm.dll+0x7ec09b]
V  [jvm.dll+0x7e64ca]
V  [jvm.dll+0x677955]
C  [ucrtbase.dll+0x21bb2]
C  [KERNEL32.DLL+0x17344]
C  [ntdll.dll+0x526b1]


---------------  P R O C E S S  ---------------

Threads class SMR info:
_java_thread_list=0x000001da001f8dc0, length=26, elements={
0x000001da64ebf960, 0x000001da64f67600, 0x000001da7ac83fd0, 0x000001da7ac88300,
0x000001da7ac892c0, 0x000001da7ac8a140, 0x000001da7ac8df20, 0x000001da00065410,
0x000001da000cba40, 0x000001da64f6e4f0, 0x000001da64f22720, 0x000001da00395880,
0x000001da016494c0, 0x000001da018cc250, 0x000001da01a66010, 0x000001da01419660,
0x000001da019a3d70, 0x000001da019a4790, 0x000001da019a2930, 0x000001da019a2e40,
0x000001da019a1a00, 0x000001da019a1f10, 0x000001da019a3350, 0x000001da019a3860,
0x000001da036c3d40, 0x000001da036c5ba0
}

Java Threads: ( => current thread )
  0x000001da64ebf960 JavaThread "main" [_thread_blocked, id=6248, stack(0x0000006d52400000,0x0000006d52500000)]
  0x000001da64f67600 JavaThread "Reference Handler" daemon [_thread_blocked, id=18628, stack(0x0000006d52700000,0x0000006d52800000)]
  0x000001da7ac83fd0 JavaThread "Finalizer" daemon [_thread_blocked, id=13304, stack(0x0000006d52800000,0x0000006d52900000)]
  0x000001da7ac88300 JavaThread "Signal Dispatcher" daemon [_thread_blocked, id=17516, stack(0x0000006d52900000,0x0000006d52a00000)]
  0x000001da7ac892c0 JavaThread "Attach Listener" daemon [_thread_blocked, id=21192, stack(0x0000006d52a00000,0x0000006d52b00000)]
  0x000001da7ac8a140 JavaThread "Service Thread" daemon [_thread_blocked, id=7696, stack(0x0000006d52b00000,0x0000006d52c00000)]
  0x000001da7ac8df20 JavaThread "Monitor Deflation Thread" daemon [_thread_blocked, id=19436, stack(0x0000006d52c00000,0x0000006d52d00000)]
=>0x000001da00065410 JavaThread "C2 CompilerThread0" daemon [_thread_in_native, id=21452, stack(0x0000006d52d00000,0x0000006d52e00000)]
  0x000001da000cba40 JavaThread "C1 CompilerThread0" daemon [_thread_blocked, id=16784, stack(0x0000006d52e00000,0x0000006d52f00000)]
  0x000001da64f6e4f0 JavaThread "Sweeper thread" daemon [_thread_blocked, id=7872, stack(0x0000006d52f00000,0x0000006d53000000)]
  0x000001da64f22720 JavaThread "Common-Cleaner" daemon [_thread_blocked, id=17040, stack(0x0000006d53000000,0x0000006d53100000)]
  0x000001da00395880 JavaThread "Notification Thread" daemon [_thread_blocked, id=10264, stack(0x0000006d53200000,0x0000006d53300000)]
  0x000001da016494c0 JavaThread "Active Thread: Equinox Container: 5282c8f7-fa2e-4d8f-83b4-7572a99d7ceb" [_thread_blocked, id=13640, stack(0x0000006d53b00000,0x0000006d53c00000)]
  0x000001da018cc250 JavaThread "Framework Event Dispatcher: Equinox Container: 5282c8f7-fa2e-4d8f-83b4-7572a99d7ceb" daemon [_thread_blocked, id=12432, stack(0x0000006d53c00000,0x0000006d53d00000)]
  0x000001da01a66010 JavaThread "Start Level: Equinox Container: 5282c8f7-fa2e-4d8f-83b4-7572a99d7ceb" daemon [_thread_blocked, id=3760, stack(0x0000006d53d00000,0x0000006d53e00000)]
  0x000001da01419660 JavaThread "Bundle File Closer" daemon [_thread_blocked, id=6976, stack(0x0000006d53f00000,0x0000006d54000000)]
  0x000001da019a3d70 JavaThread "SCR Component Actor" daemon [_thread_blocked, id=20744, stack(0x0000006d54000000,0x0000006d54100000)]
  0x000001da019a4790 JavaThread "Worker-JM" [_thread_blocked, id=3216, stack(0x0000006d53a00000,0x0000006d53b00000)]
  0x000001da019a2930 JavaThread "Worker-0: Initialize Workspace" [_thread_blocked, id=20632, stack(0x0000006d54200000,0x0000006d54300000)]
  0x000001da019a2e40 JavaThread "Java indexing" daemon [_thread_blocked, id=21144, stack(0x0000006d54500000,0x0000006d54600000)]
  0x000001da019a1a00 JavaThread "JNA Cleaner" daemon [_thread_blocked, id=17472, stack(0x0000006d54600000,0x0000006d54700000)]
  0x000001da019a1f10 JavaThread "Worker-2" [_thread_blocked, id=13240, stack(0x0000006d54700000,0x0000006d54800000)]
  0x000001da019a3350 JavaThread "pool-2-thread-1" [_thread_blocked, id=19776, stack(0x0000006d54800000,0x0000006d54900000)]
  0x000001da019a3860 JavaThread "Worker-3" [_thread_blocked, id=20508, stack(0x0000006d54900000,0x0000006d54a00000)]
  0x000001da036c3d40 JavaThread "WorkspaceEventsHandler" [_thread_blocked, id=11600, stack(0x0000006d54a00000,0x0000006d54b00000)]
  0x000001da036c5ba0 JavaThread "pool-1-thread-1" [_thread_blocked, id=18192, stack(0x0000006d54b00000,0x0000006d54c00000)]

Other Threads:
  0x000001da64f65a30 VMThread "VM Thread" [stack: 0x0000006d52600000,0x0000006d52700000] [id=17272]
  0x000001da00395d60 WatcherThread [stack: 0x0000006d53300000,0x0000006d53400000] [id=19604]
  0x000001da64ed53f0 GCTaskThread "GC Thread#0" [stack: 0x0000006d52500000,0x0000006d52600000] [id=18908]
  0x000001da015a0340 GCTaskThread "GC Thread#1" [stack: 0x0000006d53400000,0x0000006d53500000] [id=21112]
  0x000001da01860490 GCTaskThread "GC Thread#2" [stack: 0x0000006d53500000,0x0000006d53600000] [id=16260]
  0x000001da01860750 GCTaskThread "GC Thread#3" [stack: 0x0000006d53600000,0x0000006d53700000] [id=11120]
  0x000001da01860a10 GCTaskThread "GC Thread#4" [stack: 0x0000006d53700000,0x0000006d53800000] [id=7596]
  0x000001da01860cd0 GCTaskThread "GC Thread#5" [stack: 0x0000006d53800000,0x0000006d53900000] [id=21240]
  0x000001da0130cab0 GCTaskThread "GC Thread#6" [stack: 0x0000006d53900000,0x0000006d53a00000] [id=10316]
  0x000001da010a9cf0 GCTaskThread "GC Thread#7" [stack: 0x0000006d53e00000,0x0000006d53f00000] [id=20720]

Threads with active compile tasks:
C2 CompilerThread0    93314 7065   !   4       org.eclipse.core.internal.jobs.JobManager::withWriteLock (70 bytes)

VM state: not at safepoint (normal execution)

VM Mutex/Monitor currently owned by a thread: None

Heap address: 0x00000000c0000000, size: 1024 MB, Compressed Oops mode: 32-bit

CDS archive(s) not mapped
Compressed class space mapped at: 0x0000000100000000-0x0000000140000000, reserved size: 1073741824
Narrow klass base: 0x0000000000000000, Narrow klass shift: 3, Narrow klass range: 0x140000000

GC Precious Log:
 CPUs: 8 total, 8 available
 Memory: 16251M
 Large Page Support: Disabled
 NUMA Support: Disabled
 Compressed Oops: Enabled (32-bit)
 Alignments: Space 512K, Generation 512K, Heap 2M
 Heap Min Capacity: 100M
 Heap Initial Capacity: 100M
 Heap Max Capacity: 1G
 Pre-touch: Disabled
 Parallel Workers: 8

Heap:
 PSYoungGen      total 4096K, used 1408K [0x00000000eab00000, 0x00000000eb200000, 0x0000000100000000)
  eden space 3584K, 31% used [0x00000000eab00000,0x00000000eac18380,0x00000000eae80000)
  from space 512K, 56% used [0x00000000eb180000,0x00000000eb1c8000,0x00000000eb200000)
  to   space 1024K, 0% used [0x00000000eb000000,0x00000000eb000000,0x00000000eb100000)
 ParOldGen       total 209408K, used 187185K [0x00000000c0000000, 0x00000000ccc80000, 0x00000000eab00000)
  object space 209408K, 89% used [0x00000000c0000000,0x00000000cb6cc6e8,0x00000000ccc80000)
 Metaspace       used 55318K, committed 56320K, reserved 1114112K
  class space    used 5964K, committed 6464K, reserved 1048576K

Card table byte_map: [0x000001da78520000,0x000001da78730000] _byte_map_base: 0x000001da77f20000

Marking Bits: (ParMarkBitMap*) 0x00007ffacf6283a0
 Begin Bits: [0x000001da78890000, 0x000001da79890000)
 End Bits:   [0x000001da79890000, 0x000001da7a890000)

Polling page: 0x000001da64d50000

Metaspace:

Usage:
  Non-class:     48.20 MB used.
      Class:      5.82 MB used.
       Both:     54.02 MB used.

Virtual space:
  Non-class space:       64.00 MB reserved,      48.69 MB ( 76%) committed,  1 nodes.
      Class space:        1.00 GB reserved,       6.31 MB ( <1%) committed,  1 nodes.
             Both:        1.06 GB reserved,      55.00 MB (  5%) committed. 

Chunk freelists:
   Non-Class:  14.94 MB
       Class:  9.72 MB
        Both:  24.66 MB

MaxMetaspaceSize: unlimited
CompressedClassSpaceSize: 1.00 GB
Initial GC threshold: 21.00 MB
Current GC threshold: 90.94 MB
CDS: off
MetaspaceReclaimPolicy: balanced
 - commit_granule_bytes: 65536.
 - commit_granule_words: 8192.
 - virtual_space_node_default_size: 8388608.
 - enlarge_chunks_in_place: 1.
 - new_chunks_are_fully_committed: 0.
 - uncommit_free_chunks: 1.
 - use_allocation_guard: 0.
 - handle_deallocations: 1.


Internal statistics:

num_allocs_failed_limit: 8.
num_arena_births: 472.
num_arena_deaths: 14.
num_vsnodes_births: 2.
num_vsnodes_deaths: 0.
num_space_committed: 880.
num_space_uncommitted: 0.
num_chunks_returned_to_freelist: 22.
num_chunks_taken_from_freelist: 2503.
num_chunk_merges: 12.
num_chunk_splits: 1603.
num_chunks_enlarged: 1042.
num_inconsistent_stats: 0.

CodeHeap 'non-profiled nmethods': size=120000Kb used=4281Kb max_used=4917Kb free=115718Kb
 bounds [0x000001da70e10000, 0x000001da712e0000, 0x000001da78340000]
CodeHeap 'profiled nmethods': size=120000Kb used=10573Kb max_used=12800Kb free=109426Kb
 bounds [0x000001da69340000, 0x000001da69fd0000, 0x000001da70870000]
CodeHeap 'non-nmethods': size=5760Kb used=1301Kb max_used=1410Kb free=4458Kb
 bounds [0x000001da70870000, 0x000001da70ae0000, 0x000001da70e10000]
 total_blobs=6287 nmethods=5654 adapters=547
 compilation: enabled
              stopped_count=0, restarted_count=0
 full_count=0

Compilation events (20 events):
Event: 49.954 Thread 0x000001da00065410 nmethod 7055 0x000001da7128d690 code [0x000001da7128d800, 0x000001da7128d8d8]
Event: 74.647 Thread 0x000001da00065410 7056       4       java.util.stream.AbstractPipeline::evaluate (94 bytes)
Event: 74.649 Thread 0x000001da00065410 nmethod 7056 0x000001da70e35f90 code [0x000001da70e36120, 0x000001da70e362f8]
Event: 85.941 Thread 0x000001da000cba40 7057       3       java.util.concurrent.atomic.AtomicLong::updateAndGet (59 bytes)
Event: 85.941 Thread 0x000001da000cba40 nmethod 7057 0x000001da696a4610 code [0x000001da696a4800, 0x000001da696a4d18]
Event: 87.116 Thread 0x000001da00065410 7058       4       java.util.stream.ReferencePipeline::collect (124 bytes)
Event: 87.124 Thread 0x000001da00065410 nmethod 7058 0x000001da712c2710 code [0x000001da712c2900, 0x000001da712c2cc8]
Event: 87.960 Thread 0x000001da00065410 7059       4       java.util.stream.Collectors$CollectorImpl::<init> (13 bytes)
Event: 87.961 Thread 0x000001da00065410 nmethod 7059 0x000001da711c1f10 code [0x000001da711c2080, 0x000001da711c2138]
Event: 88.569 Thread 0x000001da00065410 7060       4       java.util.ArrayList$ArrayListSpliterator::forEachRemaining (127 bytes)
Event: 88.572 Thread 0x000001da00065410 nmethod 7060 0x000001da710f8590 code [0x000001da710f8720, 0x000001da710f8978]
Event: 89.113 Thread 0x000001da00065410 7061       4       java.util.stream.ReduceOps$ReduceOp::evaluateSequential (18 bytes)
Event: 89.115 Thread 0x000001da00065410 nmethod 7061 0x000001da71001990 code [0x000001da71001b20, 0x000001da71001c98]
Event: 89.160 Thread 0x000001da00065410 7062       4       java.util.stream.ReduceOps$3::getOpFlags (28 bytes)
Event: 89.162 Thread 0x000001da00065410 nmethod 7062 0x000001da71161a10 code [0x000001da71161ba0, 0x000001da71161ce8]
Event: 89.536 Thread 0x000001da00065410 7063       4       java.util.stream.ReduceOps$3ReducingSink::accept (15 bytes)
Event: 89.537 Thread 0x000001da00065410 nmethod 7063 0x000001da71001690 code [0x000001da71001800, 0x000001da710018b8]
Event: 91.156 Thread 0x000001da00065410 7064       4       java.util.stream.ReduceOps$3ReducingSink::begin (14 bytes)
Event: 91.157 Thread 0x000001da00065410 nmethod 7064 0x000001da71161610 code [0x000001da71161780, 0x000001da71161838]
Event: 91.942 Thread 0x000001da00065410 7065   !   4       org.eclipse.core.internal.jobs.JobManager::withWriteLock (70 bytes)

GC Heap History (20 events):
Event: 25.719 GC heap before
{Heap before GC invocations=264 (full 13):
 PSYoungGen      total 8704K, used 8513K [0x00000000eab00000, 0x00000000eb780000, 0x0000000100000000)
  eden space 6656K, 100% used [0x00000000eab00000,0x00000000eb180000,0x00000000eb180000)
  from space 2048K, 90% used [0x00000000eb580000,0x00000000eb750698,0x00000000eb780000)
  to   space 2560K, 0% used [0x00000000eb280000,0x00000000eb280000,0x00000000eb500000)
 ParOldGen       total 209408K, used 168502K [0x00000000c0000000, 0x00000000ccc80000, 0x00000000eab00000)
  object space 209408K, 80% used [0x00000000c0000000,0x00000000ca48da40,0x00000000ccc80000)
 Metaspace       used 55220K, committed 56256K, reserved 1114112K
  class space    used 5961K, committed 6464K, reserved 1048576K
}
Event: 25.722 GC heap after
{Heap after GC invocations=264 (full 13):
 PSYoungGen      total 9216K, used 2542K [0x00000000eab00000, 0x00000000eba80000, 0x0000000100000000)
  eden space 6656K, 0% used [0x00000000eab00000,0x00000000eab00000,0x00000000eb180000)
  from space 2560K, 99% used [0x00000000eb280000,0x00000000eb4fb8b8,0x00000000eb500000)
  to   space 4608K, 0% used [0x00000000eb600000,0x00000000eb600000,0x00000000eba80000)
 ParOldGen       total 209408K, used 169950K [0x00000000c0000000, 0x00000000ccc80000, 0x00000000eab00000)
  object space 209408K, 81% used [0x00000000c0000000,0x00000000ca5f7a40,0x00000000ccc80000)
 Metaspace       used 55220K, committed 56256K, reserved 1114112K
  class space    used 5961K, committed 6464K, reserved 1048576K
}
Event: 25.769 GC heap before
{Heap before GC invocations=265 (full 13):
 PSYoungGen      total 9216K, used 9198K [0x00000000eab00000, 0x00000000eba80000, 0x0000000100000000)
  eden space 6656K, 100% used [0x00000000eab00000,0x00000000eb180000,0x00000000eb180000)
  from space 2560K, 99% used [0x00000000eb280000,0x00000000eb4fb8b8,0x00000000eb500000)
  to   space 4608K, 0% used [0x00000000eb600000,0x00000000eb600000,0x00000000eba80000)
 ParOldGen       total 209408K, used 169950K [0x00000000c0000000, 0x00000000ccc80000, 0x00000000eab00000)
  object space 209408K, 81% used [0x00000000c0000000,0x00000000ca5f7a40,0x00000000ccc80000)
 Metaspace       used 55224K, committed 56256K, reserved 1114112K
  class space    used 5962K, committed 6464K, reserved 1048576K
}
Event: 25.774 GC heap after
{Heap after GC invocations=265 (full 13):
 PSYoungGen      total 5632K, used 4579K [0x00000000eab00000, 0x00000000ec580000, 0x0000000100000000)
  eden space 1024K, 0% used [0x00000000eab00000,0x00000000eab00000,0x00000000eac00000)
  from space 4608K, 99% used [0x00000000eb600000,0x00000000eba78f00,0x00000000eba80000)
  to   space 10240K, 0% used [0x00000000eac00000,0x00000000eac00000,0x00000000eb600000)
 ParOldGen       total 209408K, used 174310K [0x00000000c0000000, 0x00000000ccc80000, 0x00000000eab00000)
  object space 209408K, 83% used [0x00000000c0000000,0x00000000caa39a40,0x00000000ccc80000)
 Metaspace       used 55224K, committed 56256K, reserved 1114112K
  class space    used 5962K, committed 6464K, reserved 1048576K
}
Event: 25.778 GC heap before
{Heap before GC invocations=266 (full 13):
 PSYoungGen      total 5632K, used 5518K [0x00000000eab00000, 0x00000000ec580000, 0x0000000100000000)
  eden space 1024K, 91% used [0x00000000eab00000,0x00000000eabeab48,0x00000000eac00000)
  from space 4608K, 99% used [0x00000000eb600000,0x00000000eba78f00,0x00000000eba80000)
  to   space 10240K, 0% used [0x00000000eac00000,0x00000000eac00000,0x00000000eb600000)
 ParOldGen       total 209408K, used 174310K [0x00000000c0000000, 0x00000000ccc80000, 0x00000000eab00000)
  object space 209408K, 83% used [0x00000000c0000000,0x00000000caa39a40,0x00000000ccc80000)
 Metaspace       used 55224K, committed 56256K, reserved 1114112K
  class space    used 5962K, committed 6464K, reserved 1048576K
}
Event: 25.780 GC heap after
{Heap after GC invocations=266 (full 13):
 PSYoungGen      total 4096K, used 2965K [0x00000000eab00000, 0x00000000eb780000, 0x0000000100000000)
  eden space 1024K, 0% used [0x00000000eab00000,0x00000000eab00000,0x00000000eac00000)
  from space 3072K, 96% used [0x00000000eac00000,0x00000000eaee5480,0x00000000eaf00000)
  to   space 5632K, 0% used [0x00000000eb200000,0x00000000eb200000,0x00000000eb780000)
 ParOldGen       total 209408K, used 176839K [0x00000000c0000000, 0x00000000ccc80000, 0x00000000eab00000)
  object space 209408K, 84% used [0x00000000c0000000,0x00000000cacb1f58,0x00000000ccc80000)
 Metaspace       used 55224K, committed 56256K, reserved 1114112K
  class space    used 5962K, committed 6464K, reserved 1048576K
}
Event: 25.785 GC heap before
{Heap before GC invocations=267 (full 13):
 PSYoungGen      total 4096K, used 3989K [0x00000000eab00000, 0x00000000eb780000, 0x0000000100000000)
  eden space 1024K, 100% used [0x00000000eab00000,0x00000000eac00000,0x00000000eac00000)
  from space 3072K, 96% used [0x00000000eac00000,0x00000000eaee5480,0x00000000eaf00000)
  to   space 5632K, 0% used [0x00000000eb200000,0x00000000eb200000,0x00000000eb780000)
 ParOldGen       total 209408K, used 176839K [0x00000000c0000000, 0x00000000ccc80000, 0x00000000eab00000)
  object space 209408K, 84% used [0x00000000c0000000,0x00000000cacb1f58,0x00000000ccc80000)
 Metaspace       used 55230K, committed 56256K, reserved 1114112K
  class space    used 5962K, committed 6464K, reserved 1048576K
}
Event: 25.787 GC heap after
{Heap after GC invocations=267 (full 13):
 PSYoungGen      total 3584K, used 2037K [0x00000000eab00000, 0x00000000eb400000, 0x0000000100000000)
  eden space 1536K, 0% used [0x00000000eab00000,0x00000000eab00000,0x00000000eac80000)
  from space 2048K, 99% used [0x00000000eb200000,0x00000000eb3fd448,0x00000000eb400000)
  to   space 3072K, 0% used [0x00000000eae00000,0x00000000eae00000,0x00000000eb100000)
 ParOldGen       total 209408K, used 178780K [0x00000000c0000000, 0x00000000ccc80000, 0x00000000eab00000)
  object space 209408K, 85% used [0x00000000c0000000,0x00000000cae970b8,0x00000000ccc80000)
 Metaspace       used 55230K, committed 56256K, reserved 1114112K
  class space    used 5962K, committed 6464K, reserved 1048576K
}
Event: 25.801 GC heap before
{Heap before GC invocations=268 (full 13):
 PSYoungGen      total 3584K, used 3552K [0x00000000eab00000, 0x00000000eb400000, 0x0000000100000000)
  eden space 1536K, 98% used [0x00000000eab00000,0x00000000eac7af28,0x00000000eac80000)
  from space 2048K, 99% used [0x00000000eb200000,0x00000000eb3fd448,0x00000000eb400000)
  to   space 3072K, 0% used [0x00000000eae00000,0x00000000eae00000,0x00000000eb100000)
 ParOldGen       total 209408K, used 178780K [0x00000000c0000000, 0x00000000ccc80000, 0x00000000eab00000)
  object space 209408K, 85% used [0x00000000c0000000,0x00000000cae970b8,0x00000000ccc80000)
 Metaspace       used 55242K, committed 56256K, reserved 1114112K
  class space    used 5962K, committed 6464K, reserved 1048576K
}
Event: 25.803 GC heap after
{Heap after GC invocations=268 (full 13):
 PSYoungGen      total 4096K, used 1621K [0x00000000eab00000, 0x00000000eb280000, 0x0000000100000000)
  eden space 2048K, 0% used [0x00000000eab00000,0x00000000eab00000,0x00000000ead00000)
  from space 2048K, 79% used [0x00000000eae00000,0x00000000eaf95748,0x00000000eb000000)
  to   space 2048K, 0% used [0x00000000eb080000,0x00000000eb080000,0x00000000eb280000)
 ParOldGen       total 209408K, used 180247K [0x00000000c0000000, 0x00000000ccc80000, 0x00000000eab00000)
  object space 209408K, 86% used [0x00000000c0000000,0x00000000cb005ee0,0x00000000ccc80000)
 Metaspace       used 55242K, committed 56256K, reserved 1114112K
  class space    used 5962K, committed 6464K, reserved 1048576K
}
Event: 25.813 GC heap before
{Heap before GC invocations=269 (full 13):
 PSYoungGen      total 4096K, used 3669K [0x00000000eab00000, 0x00000000eb280000, 0x0000000100000000)
  eden space 2048K, 100% used [0x00000000eab00000,0x00000000ead00000,0x00000000ead00000)
  from space 2048K, 79% used [0x00000000eae00000,0x00000000eaf95748,0x00000000eb000000)
  to   space 2048K, 0% used [0x00000000eb080000,0x00000000eb080000,0x00000000eb280000)
 ParOldGen       total 209408K, used 180247K [0x00000000c0000000, 0x00000000ccc80000, 0x00000000eab00000)
  object space 209408K, 86% used [0x00000000c0000000,0x00000000cb005ee0,0x00000000ccc80000)
 Metaspace       used 55246K, committed 56320K, reserved 1114112K
  class space    used 5962K, committed 6464K, reserved 1048576K
}
Event: 25.815 GC heap after
{Heap after GC invocations=269 (full 13):
 PSYoungGen      total 4608K, used 1995K [0x00000000eab00000, 0x00000000eb280000, 0x0000000100000000)
  eden space 2560K, 0% used [0x00000000eab00000,0x00000000eab00000,0x00000000ead80000)
  from space 2048K, 97% used [0x00000000eb080000,0x00000000eb272cb0,0x00000000eb280000)
  to   space 2560K, 0% used [0x00000000ead80000,0x00000000ead80000,0x00000000eb000000)
 ParOldGen       total 209408K, used 180247K [0x00000000c0000000, 0x00000000ccc80000, 0x00000000eab00000)
  object space 209408K, 86% used [0x00000000c0000000,0x00000000cb005ee0,0x00000000ccc80000)
 Metaspace       used 55246K, committed 56320K, reserved 1114112K
  class space    used 5962K, committed 6464K, reserved 1048576K
}
Event: 25.831 GC heap before
{Heap before GC invocations=270 (full 13):
 PSYoungGen      total 4608K, used 4555K [0x00000000eab00000, 0x00000000eb280000, 0x0000000100000000)
  eden space 2560K, 100% used [0x00000000eab00000,0x00000000ead80000,0x00000000ead80000)
  from space 2048K, 97% used [0x00000000eb080000,0x00000000eb272cb0,0x00000000eb280000)
  to   space 2560K, 0% used [0x00000000ead80000,0x00000000ead80000,0x00000000eb000000)
 ParOldGen       total 209408K, used 180247K [0x00000000c0000000, 0x00000000ccc80000, 0x00000000eab00000)
  object space 209408K, 86% used [0x00000000c0000000,0x00000000cb005ee0,0x00000000ccc80000)
 Metaspace       used 55246K, committed 56320K, reserved 1114112K
  class space    used 5962K, committed 6464K, reserved 1048576K
}
Event: 25.835 GC heap after
{Heap after GC invocations=270 (full 13):
 PSYoungGen      total 5120K, used 2560K [0x00000000eab00000, 0x00000000eb800000, 0x0000000100000000)
  eden space 2560K, 0% used [0x00000000eab00000,0x00000000eab00000,0x00000000ead80000)
  from space 2560K, 100% used [0x00000000ead80000,0x00000000eb000000,0x00000000eb000000)
  to   space 5120K, 0% used [0x00000000eb300000,0x00000000eb300000,0x00000000eb800000)
 ParOldGen       total 209408K, used 182178K [0x00000000c0000000, 0x00000000ccc80000, 0x00000000eab00000)
  object space 209408K, 86% used [0x00000000c0000000,0x00000000cb1e8b90,0x00000000ccc80000)
 Metaspace       used 55246K, committed 56320K, reserved 1114112K
  class space    used 5962K, committed 6464K, reserved 1048576K
}
Event: 25.849 GC heap before
{Heap before GC invocations=271 (full 13):
 PSYoungGen      total 5120K, used 5120K [0x00000000eab00000, 0x00000000eb800000, 0x0000000100000000)
  eden space 2560K, 100% used [0x00000000eab00000,0x00000000ead80000,0x00000000ead80000)
  from space 2560K, 100% used [0x00000000ead80000,0x00000000eb000000,0x00000000eb000000)
  to   space 5120K, 0% used [0x00000000eb300000,0x00000000eb300000,0x00000000eb800000)
 ParOldGen       total 209408K, used 182178K [0x00000000c0000000, 0x00000000ccc80000, 0x00000000eab00000)
  object space 209408K, 86% used [0x00000000c0000000,0x00000000cb1e8b90,0x00000000ccc80000)
 Metaspace       used 55246K, committed 56320K, reserved 1114112K
  class space    used 5962K, committed 6464K, reserved 1048576K
}
Event: 25.854 GC heap after
{Heap after GC invocations=271 (full 13):
 PSYoungGen      total 5632K, used 2348K [0x00000000eab00000, 0x00000000eb580000, 0x0000000100000000)
  eden space 3072K, 0% used [0x00000000eab00000,0x00000000eab00000,0x00000000eae00000)
  from space 2560K, 91% used [0x00000000eb300000,0x00000000eb54b068,0x00000000eb580000)
  to   space 3584K, 0% used [0x00000000eae80000,0x00000000eae80000,0x00000000eb200000)
 ParOldGen       total 209408K, used 184746K [0x00000000c0000000, 0x00000000ccc80000, 0x00000000eab00000)
  object space 209408K, 88% used [0x00000000c0000000,0x00000000cb46ab90,0x00000000ccc80000)
 Metaspace       used 55246K, committed 56320K, reserved 1114112K
  class space    used 5962K, committed 6464K, reserved 1048576K
}
Event: 32.230 GC heap before
{Heap before GC invocations=272 (full 13):
 PSYoungGen      total 5632K, used 5420K [0x00000000eab00000, 0x00000000eb580000, 0x0000000100000000)
  eden space 3072K, 100% used [0x00000000eab00000,0x00000000eae00000,0x00000000eae00000)
  from space 2560K, 91% used [0x00000000eb300000,0x00000000eb54b068,0x00000000eb580000)
  to   space 3584K, 0% used [0x00000000eae80000,0x00000000eae80000,0x00000000eb200000)
 ParOldGen       total 209408K, used 184746K [0x00000000c0000000, 0x00000000ccc80000, 0x00000000eab00000)
  object space 209408K, 88% used [0x00000000c0000000,0x00000000cb46ab90,0x00000000ccc80000)
 Metaspace       used 55280K, committed 56320K, reserved 1114112K
  class space    used 5964K, committed 6464K, reserved 1048576K
}
Event: 32.234 GC heap after
{Heap after GC invocations=272 (full 13):
 PSYoungGen      total 5120K, used 1489K [0x00000000eab00000, 0x00000000eb380000, 0x0000000100000000)
  eden space 3584K, 0% used [0x00000000eab00000,0x00000000eab00000,0x00000000eae80000)
  from space 1536K, 96% used [0x00000000eae80000,0x00000000eaff4468,0x00000000eb000000)
  to   space 2048K, 0% used [0x00000000eb180000,0x00000000eb180000,0x00000000eb380000)
 ParOldGen       total 209408K, used 185768K [0x00000000c0000000, 0x00000000ccc80000, 0x00000000eab00000)
  object space 209408K, 88% used [0x00000000c0000000,0x00000000cb56a280,0x00000000ccc80000)
 Metaspace       used 55280K, committed 56320K, reserved 1114112K
  class space    used 5964K, committed 6464K, reserved 1048576K
}
Event: 65.524 GC heap before
{Heap before GC invocations=273 (full 13):
 PSYoungGen      total 5120K, used 5073K [0x00000000eab00000, 0x00000000eb380000, 0x0000000100000000)
  eden space 3584K, 99% used [0x00000000eab00000,0x00000000eae7ffe0,0x00000000eae80000)
  from space 1536K, 96% used [0x00000000eae80000,0x00000000eaff4468,0x00000000eb000000)
  to   space 2048K, 0% used [0x00000000eb180000,0x00000000eb180000,0x00000000eb380000)
 ParOldGen       total 209408K, used 185768K [0x00000000c0000000, 0x00000000ccc80000, 0x00000000eab00000)
  object space 209408K, 88% used [0x00000000c0000000,0x00000000cb56a280,0x00000000ccc80000)
 Metaspace       used 55317K, committed 56320K, reserved 1114112K
  class space    used 5964K, committed 6464K, reserved 1048576K
}
Event: 65.526 GC heap after
{Heap after GC invocations=273 (full 13):
 PSYoungGen      total 4096K, used 288K [0x00000000eab00000, 0x00000000eb200000, 0x0000000100000000)
  eden space 3584K, 0% used [0x00000000eab00000,0x00000000eab00000,0x00000000eae80000)
  from space 512K, 56% used [0x00000000eb180000,0x00000000eb1c8000,0x00000000eb200000)
  to   space 1024K, 0% used [0x00000000eb000000,0x00000000eb000000,0x00000000eb100000)
 ParOldGen       total 209408K, used 187185K [0x00000000c0000000, 0x00000000ccc80000, 0x00000000eab00000)
  object space 209408K, 89% used [0x00000000c0000000,0x00000000cb6cc6e8,0x00000000ccc80000)
 Metaspace       used 55317K, committed 56320K, reserved 1114112K
  class space    used 5964K, committed 6464K, reserved 1048576K
}

Dll operation events (12 events):
Event: 0.017 Loaded shared library c:\Users\LENOVO\.vscode\extensions\redhat.java-1.23.0-win32-x64\jre\17.0.8.1-win32-x86_64\bin\java.dll
Event: 0.355 Loaded shared library c:\Users\LENOVO\.vscode\extensions\redhat.java-1.23.0-win32-x64\jre\17.0.8.1-win32-x86_64\bin\zip.dll
Event: 0.363 Loaded shared library C:\Users\LENOVO\.vscode\extensions\redhat.java-1.23.0-win32-x64\jre\17.0.8.1-win32-x86_64\bin\instrument.dll
Event: 0.385 Loaded shared library C:\Users\LENOVO\.vscode\extensions\redhat.java-1.23.0-win32-x64\jre\17.0.8.1-win32-x86_64\bin\net.dll
Event: 0.389 Loaded shared library C:\Users\LENOVO\.vscode\extensions\redhat.java-1.23.0-win32-x64\jre\17.0.8.1-win32-x86_64\bin\nio.dll
Event: 0.401 Loaded shared library C:\Users\LENOVO\.vscode\extensions\redhat.java-1.23.0-win32-x64\jre\17.0.8.1-win32-x86_64\bin\zip.dll
Event: 0.425 Loaded shared library C:\Users\LENOVO\.vscode\extensions\redhat.java-1.23.0-win32-x64\jre\17.0.8.1-win32-x86_64\bin\jimage.dll
Event: 0.521 Loaded shared library c:\Users\LENOVO\.vscode\extensions\redhat.java-1.23.0-win32-x64\jre\17.0.8.1-win32-x86_64\bin\verify.dll
Event: 2.561 Loaded shared library C:\Users\LENOVO\AppData\Roaming\Code\User\globalStorage\redhat.java\1.23.0\config_win\org.eclipse.equinox.launcher\org.eclipse.equinox.launcher.win32.win32.x86_64_1.2.700.v20221108-1024\eclipse_11801.dll
Event: 4.333 Loaded shared library C:\Users\LENOVO\.vscode\extensions\redhat.java-1.23.0-win32-x64\jre\17.0.8.1-win32-x86_64\bin\management.dll
Event: 4.337 Loaded shared library C:\Users\LENOVO\.vscode\extensions\redhat.java-1.23.0-win32-x64\jre\17.0.8.1-win32-x86_64\bin\management_ext.dll
Event: 6.148 Loaded shared library C:\Users\LENOVO\AppData\Local\Temp\jna--2053026509\jna2131355634942191694.dll

Deoptimization events (20 events):
Event: 32.245 Thread 0x000001da016494c0 Uncommon trap: trap_request=0xffffff45 fr.pc=0x000001da70f078c0 relative=0x0000000000000760
Event: 32.245 Thread 0x000001da016494c0 Uncommon trap: reason=unstable_if action=reinterpret pc=0x000001da70f078c0 method=java.util.HashMap.removeNode(ILjava/lang/Object;Ljava/lang/Object;ZZ)Ljava/util/HashMap$Node; @ 62 c2
Event: 32.245 Thread 0x000001da016494c0 DEOPT PACKING pc=0x000001da70f078c0 sp=0x0000006d53bff1f0
Event: 32.245 Thread 0x000001da016494c0 DEOPT UNPACKING pc=0x000001da708c66a3 sp=0x0000006d53bff0f0 mode 2
Event: 32.256 Thread 0x000001da016494c0 Uncommon trap: trap_request=0xffffffc6 fr.pc=0x000001da71014cd4 relative=0x0000000000000954
Event: 32.256 Thread 0x000001da016494c0 Uncommon trap: reason=bimorphic_or_optimized_type_check action=maybe_recompile pc=0x000001da71014cd4 method=java.util.HashMap.putVal(ILjava/lang/Object;Ljava/lang/Object;ZZ)Ljava/lang/Object; @ 203 c2
Event: 32.256 Thread 0x000001da016494c0 DEOPT PACKING pc=0x000001da71014cd4 sp=0x0000006d53bff140
Event: 32.256 Thread 0x000001da016494c0 DEOPT UNPACKING pc=0x000001da708c66a3 sp=0x0000006d53bff0b0 mode 2
Event: 32.291 Thread 0x000001da016494c0 Uncommon trap: trap_request=0xffffffde fr.pc=0x000001da711ca948 relative=0x00000000000002a8
Event: 32.291 Thread 0x000001da016494c0 Uncommon trap: reason=class_check action=maybe_recompile pc=0x000001da711ca948 method=java.nio.channels.spi.AbstractInterruptibleChannel.close()V @ 23 c2
Event: 32.291 Thread 0x000001da016494c0 DEOPT PACKING pc=0x000001da711ca948 sp=0x0000006d53bfef90
Event: 32.291 Thread 0x000001da016494c0 DEOPT UNPACKING pc=0x000001da708c66a3 sp=0x0000006d53bfef40 mode 2
Event: 32.300 Thread 0x000001da016494c0 Uncommon trap: trap_request=0xffffffde fr.pc=0x000001da711ca948 relative=0x00000000000002a8
Event: 32.300 Thread 0x000001da016494c0 Uncommon trap: reason=class_check action=maybe_recompile pc=0x000001da711ca948 method=java.nio.channels.spi.AbstractInterruptibleChannel.close()V @ 23 c2
Event: 32.300 Thread 0x000001da016494c0 DEOPT PACKING pc=0x000001da711ca948 sp=0x0000006d53bfef80
Event: 32.300 Thread 0x000001da016494c0 DEOPT UNPACKING pc=0x000001da708c66a3 sp=0x0000006d53bfef30 mode 2
Event: 32.303 Thread 0x000001da016494c0 Uncommon trap: trap_request=0xffffffde fr.pc=0x000001da711ca948 relative=0x00000000000002a8
Event: 32.303 Thread 0x000001da016494c0 Uncommon trap: reason=class_check action=maybe_recompile pc=0x000001da711ca948 method=java.nio.channels.spi.AbstractInterruptibleChannel.close()V @ 23 c2
Event: 32.303 Thread 0x000001da016494c0 DEOPT PACKING pc=0x000001da711ca948 sp=0x0000006d53bff140
Event: 32.303 Thread 0x000001da016494c0 DEOPT UNPACKING pc=0x000001da708c66a3 sp=0x0000006d53bff0f0 mode 2

Classes unloaded (7 events):
Event: 6.270 Thread 0x000001da64f65a30 Unloading class 0x000000010025c000 'java/lang/invoke/LambdaForm$MH+0x000000010025c000'
Event: 6.270 Thread 0x000001da64f65a30 Unloading class 0x000000010025bc00 'java/lang/invoke/LambdaForm$MH+0x000000010025bc00'
Event: 6.270 Thread 0x000001da64f65a30 Unloading class 0x000000010025b800 'java/lang/invoke/LambdaForm$MH+0x000000010025b800'
Event: 6.270 Thread 0x000001da64f65a30 Unloading class 0x000000010025b400 'java/lang/invoke/LambdaForm$MH+0x000000010025b400'
Event: 6.270 Thread 0x000001da64f65a30 Unloading class 0x000000010025b000 'java/lang/invoke/LambdaForm$BMH+0x000000010025b000'
Event: 6.270 Thread 0x000001da64f65a30 Unloading class 0x000000010025ac00 'java/lang/invoke/LambdaForm$DMH+0x000000010025ac00'
Event: 6.270 Thread 0x000001da64f65a30 Unloading class 0x0000000100258000 'java/lang/invoke/LambdaForm$DMH+0x0000000100258000'

Classes redefined (0 events):
No events

Internal exceptions (20 events):
Event: 11.487 Thread 0x000001da019a2930 Exception <a 'sun/nio/fs/WindowsException'{0x00000000eab287c0}> (0x00000000eab287c0) 
thrown [s\src\hotspot\share\prims\jni.cpp, line 516]
Event: 11.487 Thread 0x000001da019a2930 Exception <a 'sun/nio/fs/WindowsException'{0x00000000eab28da0}> (0x00000000eab28da0) 
thrown [s\src\hotspot\share\prims\jni.cpp, line 516]
Event: 11.488 Thread 0x000001da019a2930 Exception <a 'sun/nio/fs/WindowsException'{0x00000000eab2cd00}> (0x00000000eab2cd00) 
thrown [s\src\hotspot\share\prims\jni.cpp, line 516]
Event: 11.488 Thread 0x000001da019a2930 Exception <a 'sun/nio/fs/WindowsException'{0x00000000eab2d2a0}> (0x00000000eab2d2a0) 
thrown [s\src\hotspot\share\prims\jni.cpp, line 516]
Event: 11.488 Thread 0x000001da019a2930 Exception <a 'sun/nio/fs/WindowsException'{0x00000000eab2d850}> (0x00000000eab2d850) 
thrown [s\src\hotspot\share\prims\jni.cpp, line 516]
Event: 11.488 Thread 0x000001da019a2930 Exception <a 'sun/nio/fs/WindowsException'{0x00000000eab2de10}> (0x00000000eab2de10) 
thrown [s\src\hotspot\share\prims\jni.cpp, line 516]
Event: 11.884 Thread 0x000001da019a3860 Exception <a 'java/lang/ClassNotFoundException'{0x00000000ead804e0}: com/sun/org/apache/xerces/internal/impl/msg/spi/DOMMessagesProvider> (0x00000000ead804e0) 
thrown [s\src\hotspot\share\classfile\systemDictionary.cpp, line 256]
Event: 11.885 Thread 0x000001da019a3860 Exception <a 'java/lang/ClassNotFoundException'{0x00000000ead92260}: com/sun/org/apache/xerces/internal/impl/msg/spi/XMLSerializerMessagesProvider> (0x00000000ead92260) 
thrown [s\src\hotspot\share\classfile\systemDictionary.cpp, line 256]
Event: 11.886 Thread 0x000001da019a3860 Exception <a 'java/lang/ClassNotFoundException'{0x00000000ead9f4c0}: com/sun/org/apache/xerces/internal/impl/msg/spi/XMLMessagesProvider> (0x00000000ead9f4c0) 
thrown [s\src\hotspot\share\classfile\systemDictionary.cpp, line 256]
Event: 11.893 Thread 0x000001da019a3860 Exception <a 'java/io/FileNotFoundException'{0x00000000eae11bc8}> (0x00000000eae11bc8) 
thrown [s\src\hotspot\share\prims\jni.cpp, line 516]
Event: 11.895 Thread 0x000001da019a3860 Exception <a 'java/io/FileNotFoundException'{0x00000000eae131b8}> (0x00000000eae131b8) 
thrown [s\src\hotspot\share\prims\jni.cpp, line 516]
Event: 11.899 Thread 0x000001da019a3860 Exception <a 'java/io/FileNotFoundException'{0x00000000eae23ba8}> (0x00000000eae23ba8) 
thrown [s\src\hotspot\share\prims\jni.cpp, line 516]
Event: 11.914 Thread 0x000001da019a3860 Exception <a 'java/io/FileNotFoundException'{0x00000000eae56f48}> (0x00000000eae56f48) 
thrown [s\src\hotspot\share\prims\jni.cpp, line 516]
Event: 11.914 Thread 0x000001da019a3860 Exception <a 'java/io/FileNotFoundException'{0x00000000eae57f68}> (0x00000000eae57f68) 
thrown [s\src\hotspot\share\prims\jni.cpp, line 516]
Event: 12.939 Thread 0x000001da019a2e40 Implicit null exception at 0x000001da710ff32c to 0x000001da710ff444
Event: 14.541 Thread 0x000001da019a2e40 Implicit null exception at 0x000001da7118a680 to 0x000001da7118e0fc
Event: 25.422 Thread 0x000001da019a2e40 Exception <a 'sun/nio/fs/WindowsException'{0x00000000ead5dea8}> (0x00000000ead5dea8) 
thrown [s\src\hotspot\share\prims\jni.cpp, line 516]
Event: 25.424 Thread 0x000001da019a2e40 Exception <a 'java/lang/NoSuchMethodError'{0x00000000ead683f0}: 'int java.lang.invoke.DirectMethodHandle$Holder.invokeVirtual(java.lang.Object, java.lang.Object, java.lang.Object)'> (0x00000000ead683f0) 
thrown [s\src\hotspot\share\interpreter\linkResolver.cpp, line 759]
Event: 25.426 Thread 0x000001da019a0fe0 Implicit null exception at 0x000001da711de360 to 0x000001da711df0a8
Event: 32.245 Thread 0x000001da016494c0 Implicit null exception at 0x000001da70f07425 to 0x000001da70f07892

VM Operations (20 events):
Event: 33.299 Executing VM operation: Cleanup
Event: 33.300 Executing VM operation: Cleanup done
Event: 34.306 Executing VM operation: Cleanup
Event: 34.306 Executing VM operation: Cleanup done
Event: 43.391 Executing VM operation: Cleanup
Event: 43.391 Executing VM operation: Cleanup done
Event: 49.487 Executing VM operation: HandshakeAllThreads
Event: 49.487 Executing VM operation: HandshakeAllThreads done
Event: 50.493 Executing VM operation: Cleanup
Event: 50.494 Executing VM operation: Cleanup done
Event: 60.077 Executing VM operation: HandshakeAllThreads
Event: 60.077 Executing VM operation: HandshakeAllThreads done
Event: 65.524 Executing VM operation: ParallelGCFailedAllocation
Event: 65.526 Executing VM operation: ParallelGCFailedAllocation done
Event: 88.725 Executing VM operation: Cleanup
Event: 88.725 Executing VM operation: Cleanup done
Event: 89.740 Executing VM operation: Cleanup
Event: 89.740 Executing VM operation: Cleanup done
Event: 91.753 Executing VM operation: Cleanup
Event: 91.753 Executing VM operation: Cleanup done

Events (20 events):
Event: 49.496 Thread 0x000001da64f6e4f0 flushing nmethod 0x000001da69f4a210
Event: 49.496 Thread 0x000001da64f6e4f0 flushing nmethod 0x000001da69f4c110
Event: 49.496 Thread 0x000001da64f6e4f0 flushing nmethod 0x000001da69f4dd10
Event: 49.496 Thread 0x000001da64f6e4f0 flushing nmethod 0x000001da69f4e790
Event: 49.496 Thread 0x000001da64f6e4f0 flushing nmethod 0x000001da69f66c90
Event: 49.496 Thread 0x000001da64f6e4f0 flushing nmethod 0x000001da69f77a90
Event: 49.496 Thread 0x000001da64f6e4f0 flushing nmethod 0x000001da69f79210
Event: 49.496 Thread 0x000001da64f6e4f0 flushing nmethod 0x000001da69f81510
Event: 49.496 Thread 0x000001da64f6e4f0 flushing nmethod 0x000001da69f82590
Event: 49.496 Thread 0x000001da64f6e4f0 flushing nmethod 0x000001da69f84d90
Event: 49.496 Thread 0x000001da64f6e4f0 flushing nmethod 0x000001da69f86290
Event: 49.496 Thread 0x000001da64f6e4f0 flushing nmethod 0x000001da69f86910
Event: 49.496 Thread 0x000001da64f6e4f0 flushing nmethod 0x000001da69f8c290
Event: 49.496 Thread 0x000001da64f6e4f0 flushing nmethod 0x000001da69f9a010
Event: 49.496 Thread 0x000001da64f6e4f0 flushing nmethod 0x000001da69fa4810
Event: 49.496 Thread 0x000001da64f6e4f0 flushing nmethod 0x000001da69fa7610
Event: 49.496 Thread 0x000001da64f6e4f0 flushing nmethod 0x000001da69fa7a90
Event: 49.496 Thread 0x000001da64f6e4f0 flushing nmethod 0x000001da69fa9890
Event: 71.688 Thread 0x000001da036c5690 Thread exited: 0x000001da036c5690
Event: 85.941 Thread 0x000001da019a0fe0 Thread exited: 0x000001da019a0fe0


Dynamic libraries:
0x00007ff6d0d20000 - 0x00007ff6d0d2e000 	c:\Users\LENOVO\.vscode\extensions\redhat.java-1.23.0-win32-x64\jre\17.0.8.1-win32-x86_64\bin\java.exe
0x00007ffb79510000 - 0x00007ffb79707000 	C:\Windows\SYSTEM32\ntdll.dll
0x00007ffb77de0000 - 0x00007ffb77e9d000 	C:\Windows\System32\KERNEL32.DLL
0x00007ffb76ff0000 - 0x00007ffb772e6000 	C:\Windows\System32\KERNELBASE.dll
0x00007ffb73ac0000 - 0x00007ffb73b50000 	C:\Windows\SYSTEM32\apphelp.dll
0x00007ffb76ef0000 - 0x00007ffb76ff0000 	C:\Windows\System32\ucrtbase.dll
0x00007ffb3b750000 - 0x00007ffb3b767000 	c:\Users\LENOVO\.vscode\extensions\redhat.java-1.23.0-win32-x64\jre\17.0.8.1-win32-x86_64\bin\jli.dll
0x00007ffb784e0000 - 0x00007ffb7867e000 	C:\Windows\System32\USER32.dll
0x00007ffb76ec0000 - 0x00007ffb76ee2000 	C:\Windows\System32\win32u.dll
0x00007ffb784b0000 - 0x00007ffb784dc000 	C:\Windows\System32\GDI32.dll
0x00007ffb772f0000 - 0x00007ffb7740a000 	C:\Windows\System32\gdi32full.dll
0x00007ffb76c70000 - 0x00007ffb76d0d000 	C:\Windows\System32\msvcp_win.dll
0x00007ffb3abe0000 - 0x00007ffb3abf9000 	c:\Users\LENOVO\.vscode\extensions\redhat.java-1.23.0-win32-x64\jre\17.0.8.1-win32-x86_64\bin\VCRUNTIME140.dll
0x00007ffb5fa40000 - 0x00007ffb5fcda000 	C:\Windows\WinSxS\amd64_microsoft.windows.common-controls_6595b64144ccf1df_6.0.19041.3570_none_60bb2a3971f3e41a\COMCTL32.dll
0x00007ffb792f0000 - 0x00007ffb7938e000 	C:\Windows\System32\msvcrt.dll
0x00007ffb77a90000 - 0x00007ffb77ac0000 	C:\Windows\System32\IMM32.DLL
0x00007ffb3a730000 - 0x00007ffb3a73c000 	c:\Users\LENOVO\.vscode\extensions\redhat.java-1.23.0-win32-x64\jre\17.0.8.1-win32-x86_64\bin\vcruntime140_1.dll
0x00007ffb23420000 - 0x00007ffb234b1000 	c:\Users\LENOVO\.vscode\extensions\redhat.java-1.23.0-win32-x64\jre\17.0.8.1-win32-x86_64\bin\msvcp140.dll
0x00007ffaceaa0000 - 0x00007ffacf6ec000 	c:\Users\LENOVO\.vscode\extensions\redhat.java-1.23.0-win32-x64\jre\17.0.8.1-win32-x86_64\bin\server\jvm.dll
0x00007ffb79390000 - 0x00007ffb7943e000 	C:\Windows\System32\ADVAPI32.dll
0x00007ffb78120000 - 0x00007ffb781bc000 	C:\Windows\System32\sechost.dll
0x00007ffb77f10000 - 0x00007ffb78036000 	C:\Windows\System32\RPCRT4.dll
0x00007ffb761a0000 - 0x00007ffb761eb000 	C:\Windows\SYSTEM32\POWRPROF.dll
0x00007ffb70d20000 - 0x00007ffb70d29000 	C:\Windows\SYSTEM32\WSOCK32.dll
0x00007ffb78290000 - 0x00007ffb782fb000 	C:\Windows\System32\WS2_32.dll
0x00007ffb60a60000 - 0x00007ffb60a87000 	C:\Windows\SYSTEM32\WINMM.dll
0x00007ffb6d3f0000 - 0x00007ffb6d3fa000 	C:\Windows\SYSTEM32\VERSION.dll
0x00007ffb76010000 - 0x00007ffb76022000 	C:\Windows\SYSTEM32\UMPDC.dll
0x00007ffb74b00000 - 0x00007ffb74b12000 	C:\Windows\SYSTEM32\kernel.appcore.dll
0x00007ffb3a5d0000 - 0x00007ffb3a5da000 	c:\Users\LENOVO\.vscode\extensions\redhat.java-1.23.0-win32-x64\jre\17.0.8.1-win32-x86_64\bin\jimage.dll
0x00007ffb743b0000 - 0x00007ffb74594000 	C:\Windows\SYSTEM32\DBGHELP.DLL
0x00007ffb55340000 - 0x00007ffb55374000 	C:\Windows\SYSTEM32\dbgcore.DLL
0x00007ffb76e30000 - 0x00007ffb76eb2000 	C:\Windows\System32\bcryptPrimitives.dll
0x00007ffb3a5c0000 - 0x00007ffb3a5ce000 	c:\Users\LENOVO\.vscode\extensions\redhat.java-1.23.0-win32-x64\jre\17.0.8.1-win32-x86_64\bin\instrument.dll
0x00007ffb352d0000 - 0x00007ffb352f5000 	c:\Users\LENOVO\.vscode\extensions\redhat.java-1.23.0-win32-x64\jre\17.0.8.1-win32-x86_64\bin\java.dll
0x00007ffb3a1f0000 - 0x00007ffb3a208000 	c:\Users\LENOVO\.vscode\extensions\redhat.java-1.23.0-win32-x64\jre\17.0.8.1-win32-x86_64\bin\zip.dll
0x00007ffb78ba0000 - 0x00007ffb792e4000 	C:\Windows\System32\SHELL32.dll
0x00007ffb74c90000 - 0x00007ffb7542b000 	C:\Windows\SYSTEM32\windows.storage.dll
0x00007ffb776b0000 - 0x00007ffb77a04000 	C:\Windows\System32\combase.dll
0x00007ffb76630000 - 0x00007ffb7665d000 	C:\Windows\SYSTEM32\Wldp.dll
0x00007ffb78af0000 - 0x00007ffb78b9d000 	C:\Windows\System32\SHCORE.dll
0x00007ffb78330000 - 0x00007ffb78385000 	C:\Windows\System32\shlwapi.dll
0x00007ffb76b20000 - 0x00007ffb76b45000 	C:\Windows\SYSTEM32\profapi.dll
0x00007ffb39c20000 - 0x00007ffb39c39000 	C:\Users\LENOVO\.vscode\extensions\redhat.java-1.23.0-win32-x64\jre\17.0.8.1-win32-x86_64\bin\net.dll
0x00007ffb6d5e0000 - 0x00007ffb6d6ea000 	C:\Windows\SYSTEM32\WINHTTP.dll
0x00007ffb76390000 - 0x00007ffb763fa000 	C:\Windows\system32\mswsock.dll
0x00007ffb38aa0000 - 0x00007ffb38ab5000 	C:\Users\LENOVO\.vscode\extensions\redhat.java-1.23.0-win32-x64\jre\17.0.8.1-win32-x86_64\bin\nio.dll
0x00007ffb3a500000 - 0x00007ffb3a510000 	c:\Users\LENOVO\.vscode\extensions\redhat.java-1.23.0-win32-x64\jre\17.0.8.1-win32-x86_64\bin\verify.dll
0x00007ffb34a80000 - 0x00007ffb34abe000 	C:\Users\LENOVO\AppData\Roaming\Code\User\globalStorage\redhat.java\1.23.0\config_win\org.eclipse.equinox.launcher\org.eclipse.equinox.launcher.win32.win32.x86_64_1.2.700.v20221108-1024\eclipse_11801.dll
0x00007ffb77580000 - 0x00007ffb776ab000 	C:\Windows\System32\ole32.dll
0x00007ffb3b320000 - 0x00007ffb3b329000 	C:\Users\LENOVO\.vscode\extensions\redhat.java-1.23.0-win32-x64\jre\17.0.8.1-win32-x86_64\bin\management.dll
0x00007ffb39770000 - 0x00007ffb3977b000 	C:\Users\LENOVO\.vscode\extensions\redhat.java-1.23.0-win32-x64\jre\17.0.8.1-win32-x86_64\bin\management_ext.dll
0x00007ffb77570000 - 0x00007ffb77578000 	C:\Windows\System32\PSAPI.DLL
0x00007ffb76580000 - 0x00007ffb76598000 	C:\Windows\SYSTEM32\CRYPTSP.dll
0x00007ffb75c30000 - 0x00007ffb75c64000 	C:\Windows\system32\rsaenh.dll
0x00007ffb76c40000 - 0x00007ffb76c67000 	C:\Windows\System32\bcrypt.dll
0x00007ffb76aa0000 - 0x00007ffb76ace000 	C:\Windows\SYSTEM32\USERENV.dll
0x00007ffb765a0000 - 0x00007ffb765ac000 	C:\Windows\SYSTEM32\CRYPTBASE.dll
0x00007ffb76030000 - 0x00007ffb7606b000 	C:\Windows\SYSTEM32\IPHLPAPI.DLL
0x00007ffb78320000 - 0x00007ffb78328000 	C:\Windows\System32\NSI.dll
0x00007ffb6f850000 - 0x00007ffb6f867000 	C:\Windows\SYSTEM32\dhcpcsvc6.DLL
0x00007ffb6f830000 - 0x00007ffb6f84d000 	C:\Windows\SYSTEM32\dhcpcsvc.DLL
0x00007ffb76080000 - 0x00007ffb7614a000 	C:\Windows\SYSTEM32\DNSAPI.dll
0x00007ffb3cde0000 - 0x00007ffb3ce25000 	C:\Users\LENOVO\AppData\Local\Temp\jna--2053026509\jna2131355634942191694.dll

dbghelp: loaded successfully - version: 4.0.5 - missing functions: none
symbol engine: initialized successfully - sym options: 0x614 - pdb path: .;c:\Users\LENOVO\.vscode\extensions\redhat.java-1.23.0-win32-x64\jre\17.0.8.1-win32-x86_64\bin;C:\Windows\SYSTEM32;C:\Windows\WinSxS\amd64_microsoft.windows.common-controls_6595b64144ccf1df_6.0.19041.3570_none_60bb2a3971f3e41a;c:\Users\LENOVO\.vscode\extensions\redhat.java-1.23.0-win32-x64\jre\17.0.8.1-win32-x86_64\bin\server;C:\Users\LENOVO\AppData\Roaming\Code\User\globalStorage\redhat.java\1.23.0\config_win\org.eclipse.equinox.launcher\org.eclipse.equinox.launcher.win32.win32.x86_64_1.2.700.v20221108-1024;C:\Users\LENOVO\AppData\Local\Temp\jna--2053026509

VM Arguments:
jvm_args: --add-modules=ALL-SYSTEM --add-opens=java.base/java.util=ALL-UNNAMED --add-opens=java.base/java.lang=ALL-UNNAMED --add-opens=java.base/sun.nio.fs=ALL-UNNAMED -Declipse.application=org.eclipse.jdt.ls.core.id1 -Dosgi.bundles.defaultStartLevel=4 -Declipse.product=org.eclipse.jdt.ls.core.product -Djava.import.generatesMetadataFilesAtProjectRoot=false -DDetectVMInstallationsJob.disabled=true -Dfile.encoding=utf8 -XX:+UseParallelGC -XX:GCTimeRatio=4 -XX:AdaptiveSizePolicyWeight=90 -Dsun.zip.disableMemoryMapping=true -Xmx1G -Xms100m -Xlog:disable -javaagent:c:\Users\LENOVO\.vscode\extensions\redhat.java-1.23.0-win32-x64\lombok\lombok-1.18.30.jar -XX:+HeapDumpOnOutOfMemoryError -XX:HeapDumpPath=c:\Users\LENOVO\AppData\Roaming\Code\User\workspaceStorage\29c8ae1b0233c0d00bad3947df996076\redhat.java -Daether.dependencyCollector.impl=bf 
java_command: c:\Users\LENOVO\.vscode\extensions\redhat.java-1.23.0-win32-x64\server\plugins\org.eclipse.equinox.launcher_1.6.500.v20230717-2134.jar -configuration c:\Users\LENOVO\AppData\Roaming\Code\User\globalStorage\redhat.java\1.23.0\config_win -data c:\Users\LENOVO\AppData\Roaming\Code\User\workspaceStorage\29c8ae1b0233c0d00bad3947df996076\redhat.java\jdt_ws
java_class_path (initial): c:\Users\LENOVO\.vscode\extensions\redhat.java-1.23.0-win32-x64\server\plugins\org.eclipse.equinox.launcher_1.6.500.v20230717-2134.jar
Launcher Type: SUN_STANDARD

[Global flags]
    uintx AdaptiveSizePolicyWeight                 = 90                                        {product} {command line}
     intx CICompilerCount                          = 4                                         {product} {ergonomic}
    uintx GCTimeRatio                              = 4                                         {product} {command line}
     bool HeapDumpOnOutOfMemoryError               = true                                   {manageable} {command line}
    ccstr HeapDumpPath                             = c:\Users\LENOVO\AppData\Roaming\Code\User\workspaceStorage\29c8ae1b0233c0d00bad3947df996076\redhat.java         {manageable} {command line}
   size_t InitialHeapSize                          = 104857600                                 {product} {command line}
   size_t MaxHeapSize                              = 1073741824                                {product} {command line}
   size_t MaxNewSize                               = 357564416                                 {product} {ergonomic}
   size_t MinHeapDeltaBytes                        = 524288                                    {product} {ergonomic}
   size_t MinHeapSize                              = 104857600                                 {product} {command line}
   size_t NewSize                                  = 34603008                                  {product} {ergonomic}
    uintx NonNMethodCodeHeapSize                   = 5839372                                {pd product} {ergonomic}
    uintx NonProfiledCodeHeapSize                  = 122909434                              {pd product} {ergonomic}
   size_t OldSize                                  = 70254592                                  {product} {ergonomic}
    uintx ProfiledCodeHeapSize                     = 122909434                              {pd product} {ergonomic}
    uintx ReservedCodeCacheSize                    = 251658240                              {pd product} {ergonomic}
     bool SegmentedCodeCache                       = true                                      {product} {ergonomic}
   size_t SoftMaxHeapSize                          = 1073741824                             {manageable} {ergonomic}
     bool UseCompressedClassPointers               = true                           {product lp64_product} {ergonomic}
     bool UseCompressedOops                        = true                           {product lp64_product} {ergonomic}
     bool UseLargePagesIndividualAllocation        = false                                  {pd product} {ergonomic}
     bool UseParallelGC                            = true                                      {product} {command line}

Logging:
Log output configuration:
 #0: stdout all=off uptime,level,tags
 #1: stderr all=off uptime,level,tags

Environment Variables:
JAVA_HOME=C:\Program Files\Microsoft\jdk-11.0.20.8-hotspot\
PATH=C:\Program Files (x86)\Common Files\Oracle\Java\javapath;C:\Python312\Scripts\;C:\Python312\;C:\Program Files\Microsoft\jdk-11.0.20.8-hotspot\bin;C:\Program Files\Eclipse Adoptium\jdk-11.0.20.8-hotspot\bin;C:\Python311\Scripts\;C:\Python311\;C:\Program Files (x86)\Common Files\Intel\Shared Libraries\redist\intel64\compiler;C:\Windows\system32;C:\Windows;C:\Windows\System32\Wbem;C:\Windows\System32\WindowsPowerShell\v1.0\;C:\Windows\System32\OpenSSH\;C:\Program Files\Microsoft SQL Server\120\DTS\Binn\;C:\Program Files\Microsoft SQL Server\Client SDK\ODBC\110\Tools\Binn\;C:\Program Files (x86)\Microsoft SQL Server\120\Tools\Binn\;C:\Program Files\Microsoft SQL Server\120\Tools\Binn\;C:\Program Files (x86)\Microsoft SQL Server\120\Tools\Binn\ManagementStudio\;C:\MinGW\bin;C:\Program Files (x86)\Microsoft SQL Server\120\DTS\Binn\;D:\xamp\php;D:\composer;C:\Program Files\dotnet\;D:\Matlab\runtime\win64;D:\Matlab\bin;D:\Matlab\polyspace\bin;C:\Program Files (x86)\NVIDIA Corporation\PhysX\Common;C:\Program Files\NVIDIA Corporation\NVIDIA NvDLISR;C:\Program Files\Microsoft SQL Server\110\Tools\Binn\;C:\Program Files\Cloudflare\Cloudflare WARP\;C:\ProgramData\chocolatey\bin;C:\Program Files\nodejs\;C:\Users\LENOVO\AppData\Local\Android\Sdk\platform-tools;C:\Users\LENOVO\AppData\Local\Android\Sdk\tools;C:\Users\LENOVO\AppData\Local\Microsoft\WindowsApps;C:\Program Files\java-se-8u41-ri\bin;C:\Program Files\java-se-8u41-ri;C:\Users\LENOVO\AppData\Local\Programs\Microsoft VS Code\bin;C:\Users\LENOVO\AppData\Roaming\Composer\vendor\bin;C:\Program Files\heroku\bin;C:\Users\LENOVO\AppData\Local\spicetify;C:\Program Files\Git\bin;C:\Users\LENOVO\AppData\Roaming\npm;C:\Users\LENOVO\Documents\Kuliah smt5\Mobile\gradle-8.4\bin
USERNAME=LENOVO
OS=Windows_NT
PROCESSOR_IDENTIFIER=Intel64 Family 6 Model 165 Stepping 2, GenuineIntel
TMP=C:\Users\LENOVO\AppData\Local\Temp
TEMP=C:\Users\LENOVO\AppData\Local\Temp



---------------  S Y S T E M  ---------------

OS:
 Windows 10 , 64 bit Build 19041 (10.0.19041.3570)
OS uptime: 0 days 7:20 hours

CPU: total 8 (initial active 8) (4 cores per cpu, 2 threads per core) family 6 model 165 stepping 2 microcode 0xea, cx8, cmov, fxsr, ht, mmx, 3dnowpref, sse, sse2, sse3, ssse3, sse4.1, sse4.2, popcnt, lzcnt, tsc, tscinvbit, avx, avx2, aes, erms, clmul, bmi1, bmi2, adx, fma, vzeroupper, clflush, clflushopt
Processor Information for all 8 processors :
  Max Mhz: 2496, Current Mhz: 2496, Mhz Limit: 2496

Memory: 4k page, system-wide physical 16251M (572M free)
TotalPageFile size 27998M (AvailPageFile size 210M)
current process WorkingSet (physical memory assigned to process): 494M, peak: 662M
current process commit charge ("private bytes"): 388M, peak: 581M

vm_info: OpenJDK 64-Bit Server VM (17.0.8.1+1) for windows-amd64 JRE (17.0.8.1+1), built on Aug 23 2023 15:29:17 by "admin" with MS VC++ 16.7 (VS2019)

END.
